#
# A fatal error has been detected by the Java Runtime Environment:
#
#  SIGSEGV (0xb) at pc=0x00007f2716d9d204, pid=8829, tid=8849
#
# JRE version: OpenJDK Runtime Environment (11.0.8+10) (build 11.0.8+10)
# Java VM: OpenJDK 64-Bit Server VM (11.0.8+10, mixed mode, tiered, compressed oops, g1 gc, linux-amd64)
# Problematic frame:
# V  [libjvm.so+0xc24204]
#
# Core dump will be written. Default location: Core dumps may be processed with "/usr/lib/systemd/systemd-coredump %P %u %g %s %t %c %h" (or dumping to /home/porus/Coding/TestMaven/simpleBrowser/core.8829)
#
# If you would like to submit a bug report, please visit:
#   https://bugreport.java.com/bugreport/crash.jsp
#

---------------  S U M M A R Y ------------

Command Line: -Dclassworlds.conf=/opt/maven/bin/m2.conf -Dmaven.home=/opt/maven -Dlibrary.jansi.path=/opt/maven/lib/jansi-native -Dmaven.multiModuleProjectDirectory=/home/porus/Coding/TestMaven/simpleBrowser org.codehaus.plexus.classworlds.launcher.Launcher install

Host: AMD Ryzen 7 1800X Eight-Core Processor, 16 cores, 31G, Arch Linux
Time: Thu Jan  7 00:16:21 2021 CET elapsed time: 0 seconds (0d 0h 0m 0s)

---------------  T H R E A D  ---------------

Current thread (0x00007f2710016000):  JavaThread "main" [_thread_in_vm, id=8849, stack(0x00007f2715d3b000,0x00007f2715e3c000)]

Stack: [0x00007f2715d3b000,0x00007f2715e3c000],  sp=0x00007f2715e375e8,  free space=1009k
Native frames: (J=compiled Java code, A=aot compiled Java code, j=interpreted, Vv=VM code, C=native code)
V  [libjvm.so+0xc24204]
V  [libjvm.so+0xd1f5d1]
V  [libjvm.so+0xd22227]
V  [libjvm.so+0xd98570]
V  [libjvm.so+0xd988fc]
V  [libjvm.so+0xd9e6f8]
V  [libjvm.so+0xda713b]
V  [libjvm.so+0xdac17b]
V  [libjvm.so+0xdac4cb]
V  [libjvm.so+0x831784]
V  [libjvm.so+0x832050]
V  [libjvm.so+0x84ca21]
j  org.apache.maven.repository.internal.DefaultVersionRangeResolver.resolveVersionRange(Lorg/eclipse/aether/RepositorySystemSession;Lorg/eclipse/aether/resolution/VersionRangeRequest;)Lorg/eclipse/aether/resolution/VersionRangeResult;+9
j  org.apache.maven.repository.internal.DefaultModelResolver.resolveModel(Lorg/apache/maven/model/Parent;)Lorg/apache/maven/model/building/ModelSource;+59
j  org.apache.maven.model.building.DefaultModelBuilder.readParentExternally(Lorg/apache/maven/model/Model;Lorg/apache/maven/model/building/ModelBuildingRequest;Lorg/apache/maven/model/building/DefaultModelProblemCollector;)Lorg/apache/maven/model/building/ModelData;+82
j  org.apache.maven.model.building.DefaultModelBuilder.readParent(Lorg/apache/maven/model/Model;Lorg/apache/maven/model/building/ModelSource;Lorg/apache/maven/model/building/ModelBuildingRequest;Lorg/apache/maven/model/building/DefaultModelProblemCollector;)Lorg/apache/maven/model/building/ModelData;+82
j  org.apache.maven.model.building.DefaultModelBuilder.build(Lorg/apache/maven/model/building/ModelBuildingRequest;)Lorg/apache/maven/model/building/ModelBuildingResult;+484
j  org.apache.maven.repository.internal.DefaultArtifactDescriptorReader.loadPom(Lorg/eclipse/aether/RepositorySystemSession;Lorg/eclipse/aether/resolution/ArtifactDescriptorRequest;Lorg/eclipse/aether/resolution/ArtifactDescriptorResult;)Lorg/apache/maven/model/Model;+626
j  org.apache.maven.repository.internal.DefaultArtifactDescriptorReader.readArtifactDescriptor(Lorg/eclipse/aether/RepositorySystemSession;Lorg/eclipse/aether/resolution/ArtifactDescriptorRequest;)Lorg/eclipse/aether/resolution/ArtifactDescriptorResult;+13
j  org.eclipse.aether.internal.impl.DefaultRepositorySystem.readArtifactDescriptor(Lorg/eclipse/aether/RepositorySystemSession;Lorg/eclipse/aether/resolution/ArtifactDescriptorRequest;)Lorg/eclipse/aether/resolution/ArtifactDescriptorResult;+11
j  org.apache.maven.plugin.internal.DefaultPluginDependenciesResolver.resolve(Lorg/apache/maven/model/Plugin;Ljava/util/List;Lorg/eclipse/aether/RepositorySystemSession;)Lorg/eclipse/aether/artifact/Artifact;+70
j  org.apache.maven.plugin.internal.DefaultMavenPluginManager.getPluginDescriptor(Lorg/apache/maven/model/Plugin;Ljava/util/List;Lorg/eclipse/aether/RepositorySystemSession;)Lorg/apache/maven/plugin/descriptor/PluginDescriptor;+39
j  org.apache.maven.plugin.internal.DefaultMavenPluginManager.getMojoDescriptor(Lorg/apache/maven/model/Plugin;Ljava/lang/String;Ljava/util/List;Lorg/eclipse/aether/RepositorySystemSession;)Lorg/apache/maven/plugin/descriptor/MojoDescriptor;+5
j  org.apache.maven.plugin.DefaultBuildPluginManager.getMojoDescriptor(Lorg/apache/maven/model/Plugin;Ljava/lang/String;Ljava/util/List;Lorg/eclipse/aether/RepositorySystemSession;)Lorg/apache/maven/plugin/descriptor/MojoDescriptor;+9
j  org.apache.maven.lifecycle.internal.DefaultLifecycleExecutionPlanCalculator.setupMojoExecution(Lorg/apache/maven/execution/MavenSession;Lorg/apache/maven/project/MavenProject;Lorg/apache/maven/plugin/MojoExecution;)V+31
j  org.apache.maven.lifecycle.internal.DefaultLifecycleExecutionPlanCalculator.setupMojoExecutions(Lorg/apache/maven/execution/MavenSession;Lorg/apache/maven/project/MavenProject;Ljava/util/List;)V+35
j  org.apache.maven.lifecycle.internal.DefaultLifecycleExecutionPlanCalculator.calculateExecutionPlan(Lorg/apache/maven/execution/MavenSession;Lorg/apache/maven/project/MavenProject;Ljava/util/List;Z)Lorg/apache/maven/lifecycle/MavenExecutionPlan;+28
j  org.apache.maven.lifecycle.internal.DefaultLifecycleExecutionPlanCalculator.calculateExecutionPlan(Lorg/apache/maven/execution/MavenSession;Lorg/apache/maven/project/MavenProject;Ljava/util/List;)Lorg/apache/maven/lifecycle/MavenExecutionPlan;+5
j  org.apache.maven.lifecycle.internal.builder.BuilderCommon.resolveBuildPlan(Lorg/apache/maven/execution/MavenSession;Lorg/apache/maven/project/MavenProject;Lorg/apache/maven/lifecycle/internal/TaskSegment;Ljava/util/Set;)Lorg/apache/maven/lifecycle/MavenExecutionPlan;+10
j  org.apache.maven.lifecycle.internal.LifecycleModuleBuilder.buildProject(Lorg/apache/maven/execution/MavenSession;Lorg/apache/maven/execution/MavenSession;Lorg/apache/maven/lifecycle/internal/ReactorContext;Lorg/apache/maven/project/MavenProject;Lorg/apache/maven/lifecycle/internal/TaskSegment;)V+135
j  org.apache.maven.lifecycle.internal.LifecycleModuleBuilder.buildProject(Lorg/apache/maven/execution/MavenSession;Lorg/apache/maven/lifecycle/internal/ReactorContext;Lorg/apache/maven/project/MavenProject;Lorg/apache/maven/lifecycle/internal/TaskSegment;)V+7
j  org.apache.maven.lifecycle.internal.builder.singlethreaded.SingleThreadedBuilder.build(Lorg/apache/maven/execution/MavenSession;Lorg/apache/maven/lifecycle/internal/ReactorContext;Lorg/apache/maven/lifecycle/internal/ProjectBuildList;Ljava/util/List;Lorg/apache/maven/lifecycle/internal/ReactorBuildStatus;)V+77
j  org.apache.maven.lifecycle.internal.LifecycleStarter.execute(Lorg/apache/maven/execution/MavenSession;)V+348
j  org.apache.maven.DefaultMaven.doExecute(Lorg/apache/maven/execution/MavenExecutionRequest;Lorg/apache/maven/execution/MavenSession;Lorg/apache/maven/execution/MavenExecutionResult;Lorg/eclipse/aether/DefaultRepositorySystemSession;)Lorg/apache/maven/execution/MavenExecutionResult;+425
j  org.apache.maven.DefaultMaven.doExecute(Lorg/apache/maven/execution/MavenExecutionRequest;)Lorg/apache/maven/execution/MavenExecutionResult;+98
j  org.apache.maven.DefaultMaven.execute(Lorg/apache/maven/execution/MavenExecutionRequest;)Lorg/apache/maven/execution/MavenExecutionResult;+2
j  org.apache.maven.cli.MavenCli.execute(Lorg/apache/maven/cli/CliRequest;)I+27
j  org.apache.maven.cli.MavenCli.doMain(Lorg/apache/maven/cli/CliRequest;)I+66
j  org.apache.maven.cli.MavenCli.main([Ljava/lang/String;Lorg/codehaus/plexus/classworlds/ClassWorld;)I+24
v  ~StubRoutines::call_stub
V  [libjvm.so+0x855c7a]
V  [libjvm.so+0xc5aed6]
V  [libjvm.so+0xc5bcf9]
V  [libjvm.so+0x90af9e]  JVM_InvokeMethod+0x13e
j  jdk.internal.reflect.NativeMethodAccessorImpl.invoke0(Ljava/lang/reflect/Method;Ljava/lang/Object;[Ljava/lang/Object;)Ljava/lang/Object;+0 java.base@11.0.8
j  jdk.internal.reflect.NativeMethodAccessorImpl.invoke(Ljava/lang/Object;[Ljava/lang/Object;)Ljava/lang/Object;+100 java.base@11.0.8
j  jdk.internal.reflect.DelegatingMethodAccessorImpl.invoke(Ljava/lang/Object;[Ljava/lang/Object;)Ljava/lang/Object;+6 java.base@11.0.8
j  java.lang.reflect.Method.invoke(Ljava/lang/Object;[Ljava/lang/Object;)Ljava/lang/Object;+59 java.base@11.0.8
j  org.codehaus.plexus.classworlds.launcher.Launcher.launchEnhanced([Ljava/lang/String;)V+45
j  org.codehaus.plexus.classworlds.launcher.Launcher.launch([Ljava/lang/String;)V+2
j  org.codehaus.plexus.classworlds.launcher.Launcher.mainWithExitCode([Ljava/lang/String;)I+101
j  org.codehaus.plexus.classworlds.launcher.Launcher.main([Ljava/lang/String;)V+1
v  ~StubRoutines::call_stub
V  [libjvm.so+0x855c7a]
V  [libjvm.so+0x8d3144]
V  [libjvm.so+0x8d582e]
C  [libjli.so+0x50c1]

Java frames: (J=compiled Java code, j=interpreted, Vv=VM code)
j  org.apache.maven.repository.internal.DefaultVersionRangeResolver.resolveVersionRange(Lorg/eclipse/aether/RepositorySystemSession;Lorg/eclipse/aether/resolution/VersionRangeRequest;)Lorg/eclipse/aether/resolution/VersionRangeResult;+9
j  org.apache.maven.repository.internal.DefaultModelResolver.resolveModel(Lorg/apache/maven/model/Parent;)Lorg/apache/maven/model/building/ModelSource;+59
j  org.apache.maven.model.building.DefaultModelBuilder.readParentExternally(Lorg/apache/maven/model/Model;Lorg/apache/maven/model/building/ModelBuildingRequest;Lorg/apache/maven/model/building/DefaultModelProblemCollector;)Lorg/apache/maven/model/building/ModelData;+82
j  org.apache.maven.model.building.DefaultModelBuilder.readParent(Lorg/apache/maven/model/Model;Lorg/apache/maven/model/building/ModelSource;Lorg/apache/maven/model/building/ModelBuildingRequest;Lorg/apache/maven/model/building/DefaultModelProblemCollector;)Lorg/apache/maven/model/building/ModelData;+82
j  org.apache.maven.model.building.DefaultModelBuilder.build(Lorg/apache/maven/model/building/ModelBuildingRequest;)Lorg/apache/maven/model/building/ModelBuildingResult;+484
j  org.apache.maven.repository.internal.DefaultArtifactDescriptorReader.loadPom(Lorg/eclipse/aether/RepositorySystemSession;Lorg/eclipse/aether/resolution/ArtifactDescriptorRequest;Lorg/eclipse/aether/resolution/ArtifactDescriptorResult;)Lorg/apache/maven/model/Model;+626
j  org.apache.maven.repository.internal.DefaultArtifactDescriptorReader.readArtifactDescriptor(Lorg/eclipse/aether/RepositorySystemSession;Lorg/eclipse/aether/resolution/ArtifactDescriptorRequest;)Lorg/eclipse/aether/resolution/ArtifactDescriptorResult;+13
j  org.eclipse.aether.internal.impl.DefaultRepositorySystem.readArtifactDescriptor(Lorg/eclipse/aether/RepositorySystemSession;Lorg/eclipse/aether/resolution/ArtifactDescriptorRequest;)Lorg/eclipse/aether/resolution/ArtifactDescriptorResult;+11
j  org.apache.maven.plugin.internal.DefaultPluginDependenciesResolver.resolve(Lorg/apache/maven/model/Plugin;Ljava/util/List;Lorg/eclipse/aether/RepositorySystemSession;)Lorg/eclipse/aether/artifact/Artifact;+70
j  org.apache.maven.plugin.internal.DefaultMavenPluginManager.getPluginDescriptor(Lorg/apache/maven/model/Plugin;Ljava/util/List;Lorg/eclipse/aether/RepositorySystemSession;)Lorg/apache/maven/plugin/descriptor/PluginDescriptor;+39
j  org.apache.maven.plugin.internal.DefaultMavenPluginManager.getMojoDescriptor(Lorg/apache/maven/model/Plugin;Ljava/lang/String;Ljava/util/List;Lorg/eclipse/aether/RepositorySystemSession;)Lorg/apache/maven/plugin/descriptor/MojoDescriptor;+5
j  org.apache.maven.plugin.DefaultBuildPluginManager.getMojoDescriptor(Lorg/apache/maven/model/Plugin;Ljava/lang/String;Ljava/util/List;Lorg/eclipse/aether/RepositorySystemSession;)Lorg/apache/maven/plugin/descriptor/MojoDescriptor;+9
j  org.apache.maven.lifecycle.internal.DefaultLifecycleExecutionPlanCalculator.setupMojoExecution(Lorg/apache/maven/execution/MavenSession;Lorg/apache/maven/project/MavenProject;Lorg/apache/maven/plugin/MojoExecution;)V+31
j  org.apache.maven.lifecycle.internal.DefaultLifecycleExecutionPlanCalculator.setupMojoExecutions(Lorg/apache/maven/execution/MavenSession;Lorg/apache/maven/project/MavenProject;Ljava/util/List;)V+35
j  org.apache.maven.lifecycle.internal.DefaultLifecycleExecutionPlanCalculator.calculateExecutionPlan(Lorg/apache/maven/execution/MavenSession;Lorg/apache/maven/project/MavenProject;Ljava/util/List;Z)Lorg/apache/maven/lifecycle/MavenExecutionPlan;+28
j  org.apache.maven.lifecycle.internal.DefaultLifecycleExecutionPlanCalculator.calculateExecutionPlan(Lorg/apache/maven/execution/MavenSession;Lorg/apache/maven/project/MavenProject;Ljava/util/List;)Lorg/apache/maven/lifecycle/MavenExecutionPlan;+5
j  org.apache.maven.lifecycle.internal.builder.BuilderCommon.resolveBuildPlan(Lorg/apache/maven/execution/MavenSession;Lorg/apache/maven/project/MavenProject;Lorg/apache/maven/lifecycle/internal/TaskSegment;Ljava/util/Set;)Lorg/apache/maven/lifecycle/MavenExecutionPlan;+10
j  org.apache.maven.lifecycle.internal.LifecycleModuleBuilder.buildProject(Lorg/apache/maven/execution/MavenSession;Lorg/apache/maven/execution/MavenSession;Lorg/apache/maven/lifecycle/internal/ReactorContext;Lorg/apache/maven/project/MavenProject;Lorg/apache/maven/lifecycle/internal/TaskSegment;)V+135
j  org.apache.maven.lifecycle.internal.LifecycleModuleBuilder.buildProject(Lorg/apache/maven/execution/MavenSession;Lorg/apache/maven/lifecycle/internal/ReactorContext;Lorg/apache/maven/project/MavenProject;Lorg/apache/maven/lifecycle/internal/TaskSegment;)V+7
j  org.apache.maven.lifecycle.internal.builder.singlethreaded.SingleThreadedBuilder.build(Lorg/apache/maven/execution/MavenSession;Lorg/apache/maven/lifecycle/internal/ReactorContext;Lorg/apache/maven/lifecycle/internal/ProjectBuildList;Ljava/util/List;Lorg/apache/maven/lifecycle/internal/ReactorBuildStatus;)V+77
j  org.apache.maven.lifecycle.internal.LifecycleStarter.execute(Lorg/apache/maven/execution/MavenSession;)V+348
j  org.apache.maven.DefaultMaven.doExecute(Lorg/apache/maven/execution/MavenExecutionRequest;Lorg/apache/maven/execution/MavenSession;Lorg/apache/maven/execution/MavenExecutionResult;Lorg/eclipse/aether/DefaultRepositorySystemSession;)Lorg/apache/maven/execution/MavenExecutionResult;+425
j  org.apache.maven.DefaultMaven.doExecute(Lorg/apache/maven/execution/MavenExecutionRequest;)Lorg/apache/maven/execution/MavenExecutionResult;+98
j  org.apache.maven.DefaultMaven.execute(Lorg/apache/maven/execution/MavenExecutionRequest;)Lorg/apache/maven/execution/MavenExecutionResult;+2
j  org.apache.maven.cli.MavenCli.execute(Lorg/apache/maven/cli/CliRequest;)I+27
j  org.apache.maven.cli.MavenCli.doMain(Lorg/apache/maven/cli/CliRequest;)I+66
j  org.apache.maven.cli.MavenCli.main([Ljava/lang/String;Lorg/codehaus/plexus/classworlds/ClassWorld;)I+24
v  ~StubRoutines::call_stub
j  jdk.internal.reflect.NativeMethodAccessorImpl.invoke0(Ljava/lang/reflect/Method;Ljava/lang/Object;[Ljava/lang/Object;)Ljava/lang/Object;+0 java.base@11.0.8
j  jdk.internal.reflect.NativeMethodAccessorImpl.invoke(Ljava/lang/Object;[Ljava/lang/Object;)Ljava/lang/Object;+100 java.base@11.0.8
j  jdk.internal.reflect.DelegatingMethodAccessorImpl.invoke(Ljava/lang/Object;[Ljava/lang/Object;)Ljava/lang/Object;+6 java.base@11.0.8
j  java.lang.reflect.Method.invoke(Ljava/lang/Object;[Ljava/lang/Object;)Ljava/lang/Object;+59 java.base@11.0.8
j  org.codehaus.plexus.classworlds.launcher.Launcher.launchEnhanced([Ljava/lang/String;)V+45
j  org.codehaus.plexus.classworlds.launcher.Launcher.launch([Ljava/lang/String;)V+2
j  org.codehaus.plexus.classworlds.launcher.Launcher.mainWithExitCode([Ljava/lang/String;)I+101
j  org.codehaus.plexus.classworlds.launcher.Launcher.main([Ljava/lang/String;)V+1
v  ~StubRoutines::call_stub

siginfo: si_signo: 11 (SIGSEGV), si_code: 128 (SI_KERNEL), si_addr: 0x0000000000000000

Register to memory mapping:

RAX=0x00807f27103590d0 is an unknown value
RBX=0x00007f2710a8e0b0 points into unknown readable memory: 58 37 37 2c 27 7f 00 00
RCX=0x0000000000000003 is an unknown value
RDX=0x00007f27172cef20: <offset 0x0000000001155f20> in /usr/lib/jvm/java-11-openjdk/lib/server/libjvm.so at 0x00007f2716179000
RSP=0x00007f2715e375e8 is pointing into the stack for thread: 0x00007f2710016000
RBP=0x00007f2715e37610 is pointing into the stack for thread: 0x00007f2710016000
RSI=0x0000000000000044 is an unknown value
RDI=0x00007f2710a8dbd0 points into unknown readable memory: 00 00 00 00 00 00 80 00
R8 =0x00007f2710364740 points into unknown readable memory: e1 07 00 00 07 00 00 00
R9 =0x0000000000000001 is an unknown value
R10=0x0 is NULL
R11=0x00007f27100155e0 points into unknown readable memory: 70 37 04 28 06 00 00 00
R12=0x00007f2710a8dbd0 points into unknown readable memory: 00 00 00 00 00 00 80 00
R13=0x0000000628043770 is an oop: java.security.ProtectionDomain 
{0x0000000628043770} - klass: 'java/security/ProtectionDomain'
R14=0x00007f27100155f0 points into unknown readable memory: 50 2f e0 27 06 00 00 00
R15=0x00007f2710364740 points into unknown readable memory: e1 07 00 00 07 00 00 00


Registers:
RAX=0x00807f27103590d0, RBX=0x00007f2710a8e0b0, RCX=0x0000000000000003, RDX=0x00007f27172cef20
RSP=0x00007f2715e375e8, RBP=0x00007f2715e37610, RSI=0x0000000000000044, RDI=0x00007f2710a8dbd0
R8 =0x00007f2710364740, R9 =0x0000000000000001, R10=0x0000000000000000, R11=0x00007f27100155e0
R12=0x00007f2710a8dbd0, R13=0x0000000628043770, R14=0x00007f27100155f0, R15=0x00007f2710364740
RIP=0x00007f2716d9d204, EFLAGS=0x0000000000010202, CSGSFS=0x002b000000000033, ERR=0x0000000000000000
  TRAPNO=0x000000000000000d

Top of Stack: (sp=0x00007f2715e375e8)
0x00007f2715e375e8:   00007f2716869912 00007f2715e376f0
0x00007f2715e375f8:   00007f27172b43c4 00007f2710985160
0x00007f2715e37608:   00007f2710016000 00007f2715e37750
0x00007f2715e37618:   00007f2716e985d1 00007f2710016000 

Instructions: (pc=0x00007f2716d9d204)
0x00007f2716d9d104:   16 51 00 90 0f 1f 84 00 00 00 00 00 55 31 c0 48
0x00007f2716d9d114:   89 e5 41 57 41 56 41 55 41 54 49 89 f4 48 8d 35
0x00007f2716d9d124:   b8 2c 29 00 53 48 89 fb 48 83 ec 18 8b 4f 2c 8b
0x00007f2716d9d134:   17 48 89 7d c8 4c 89 e7 67 e8 ae a8 fa ff 8b 03
0x00007f2716d9d144:   85 c0 7e 5f 45 31 f6 4c 8d 2d ce 2c 29 00 66 0f
0x00007f2716d9d154:   1f 44 00 00 48 8b 45 c8 44 89 f3 48 8b 40 08 4a
0x00007f2716d9d164:   8d 04 f0 4c 8b 38 4d 85 ff 74 2b 90 49 8b 7f 10
0x00007f2716d9d174:   ff 15 b6 67 51 00 89 da 4c 89 ee 4c 89 e7 48 89
0x00007f2716d9d184:   c1 31 c0 67 e8 63 a8 fa ff 4d 8b 47 08 49 83 e0
0x00007f2716d9d194:   fe 4d 89 c7 75 d6 48 8b 45 c8 49 83 c6 01 44 39
0x00007f2716d9d1a4:   30 7f b1 48 83 c4 18 5b 41 5c 41 5d 41 5e 41 5f
0x00007f2716d9d1b4:   5d c3 66 2e 0f 1f 84 00 00 00 00 00 c3 90 66 66
0x00007f2716d9d1c4:   2e 0f 1f 84 00 00 00 00 00 0f 1f 00 48 8b 7f 10
0x00007f2716d9d1d4:   ff 25 3e 67 51 00 66 0f 1f 44 00 00 48 8b 47 08
0x00007f2716d9d1e4:   48 8b 78 10 ff 25 2a 67 51 00 66 90 48 8b 7f 10
0x00007f2716d9d1f4:   ff 25 36 67 51 00 66 0f 1f 44 00 00 48 8b 47 08
0x00007f2716d9d204:   48 8b 78 10 ff 25 22 67 51 00 66 90 55 48 89 e5
0x00007f2716d9d214:   53 48 89 fb 48 83 ec 08 48 8b 7f 10 ff 15 0a 67
0x00007f2716d9d224:   51 00 48 85 c0 74 19 48 8b 7b 10 ff 15 fb 66 51
0x00007f2716d9d234:   00 31 f6 48 89 c7 67 e8 20 42 f8 ff 84 c0 74 0c
0x00007f2716d9d244:   48 8b 5d f8 c9 c3 66 0f 1f 44 00 00 48 8d 05 51
0x00007f2716d9d254:   68 51 00 48 8d 0d b6 27 29 00 48 8d 15 e3 2b 29
0x00007f2716d9d264:   00 be 6e 00 00 00 48 8d 3d 37 2c 29 00 48 8b 00
0x00007f2716d9d274:   c6 00 58 31 c0 67 e8 21 b7 a4 ff 48 8b 5d f8 c9
0x00007f2716d9d284:   e9 97 68 f9 ff 90 66 0f 1f 44 00 00 55 48 89 e5
0x00007f2716d9d294:   41 57 41 56 41 55 49 89 fd 41 54 49 89 f4 53 48
0x00007f2716d9d2a4:   83 ec 18 48 8b 3e 48 8b 17 48 89 d0 83 e0 07 48
0x00007f2716d9d2b4:   83 f8 01 0f 84 03 01 00 00 48 89 d0 83 e0 03 48
0x00007f2716d9d2c4:   83 f8 03 0f 85 a3 00 00 00 48 c1 ea 08 81 e2 ff
0x00007f2716d9d2d4:   ff ff 7f 49 89 d7 44 89 f8 31 d2 44 89 7d cc 41
0x00007f2716d9d2e4:   f7 75 00 49 8b 45 08 48 63 d2 4c 8d 34 d5 00 00
0x00007f2716d9d2f4:   00 00 4c 01 f0 4c 8b 38 4d 85 ff 74 7f 4d 85 e4 


Stack slot to memory mapping:
stack at sp + 0 slots: 0x00007f2716869912: <offset 0x00000000006f0912> in /usr/lib/jvm/java-11-openjdk/lib/server/libjvm.so at 0x00007f2716179000
stack at sp + 1 slots: 0x00007f2715e376f0 is pointing into the stack for thread: 0x00007f2710016000
stack at sp + 2 slots: 0x00007f27172b43c4: <offset 0x000000000113b3c4> in /usr/lib/jvm/java-11-openjdk/lib/server/libjvm.so at 0x00007f2716179000
stack at sp + 3 slots: 0x00007f2710985160 points into unknown readable memory: 22 00 0d 00 58 37 6f 72
stack at sp + 4 slots: 0x00007f2710016000 is a thread
stack at sp + 5 slots: 0x00007f2715e37750 is pointing into the stack for thread: 0x00007f2710016000
stack at sp + 6 slots: 0x00007f2716e985d1: <offset 0x0000000000d1f5d1> in /usr/lib/jvm/java-11-openjdk/lib/server/libjvm.so at 0x00007f2716179000
stack at sp + 7 slots: 0x00007f2710016000 is a thread


---------------  P R O C E S S  ---------------

Threads class SMR info:
_java_thread_list=0x00007f26b0184620, length=17, elements={
0x00007f2710016000, 0x00007f2710271000, 0x00007f2710275000, 0x00007f2710289800,
0x00007f271028c000, 0x00007f271028e000, 0x00007f2710290000, 0x00007f26b0075000,
0x00007f271030d000, 0x00007f271031e000, 0x00007f26b0091000, 0x00007f26b0263000,
0x00007f26b0264800, 0x00007f2690005800, 0x00007f269c028800, 0x00007f269c02a800,
0x00007f26b0183000
}

Java Threads: ( => current thread )
=>0x00007f2710016000 JavaThread "main" [_thread_in_vm, id=8849, stack(0x00007f2715d3b000,0x00007f2715e3c000)]
  0x00007f2710271000 JavaThread "Reference Handler" daemon [_thread_blocked, id=8856, stack(0x00007f26e0d02000,0x00007f26e0e03000)]
  0x00007f2710275000 JavaThread "Finalizer" daemon [_thread_blocked, id=8857, stack(0x00007f26e0c01000,0x00007f26e0d02000)]
  0x00007f2710289800 JavaThread "Signal Dispatcher" daemon [_thread_blocked, id=8858, stack(0x00007f26e07cb000,0x00007f26e08cc000)]
  0x00007f271028c000 JavaThread "C2 CompilerThread0" daemon [_thread_blocked, id=8859, stack(0x00007f26e06ca000,0x00007f26e07cb000)]
  0x00007f271028e000 JavaThread "C1 CompilerThread0" daemon [_thread_blocked, id=8860, stack(0x00007f26e05c9000,0x00007f26e06ca000)]
  0x00007f2710290000 JavaThread "Sweeper thread" daemon [_thread_blocked, id=8861, stack(0x00007f26e04c8000,0x00007f26e05c9000)]
  0x00007f26b0075000 JavaThread "C1 CompilerThread1" daemon [_thread_blocked, id=8862, stack(0x00007f26e03c7000,0x00007f26e04c8000)]
  0x00007f271030d000 JavaThread "Service Thread" daemon [_thread_blocked, id=8863, stack(0x00007f26e02c6000,0x00007f26e03c7000)]
  0x00007f271031e000 JavaThread "Common-Cleaner" daemon [_thread_blocked, id=8865, stack(0x00007f26e00c3000,0x00007f26e01c4000)]
  0x00007f26b0091000 JavaThread "C2 CompilerThread1" daemon [_thread_blocked, id=8866, stack(0x00007f26d9eff000,0x00007f26da000000)]
  0x00007f26b0263000 JavaThread "C1 CompilerThread2" daemon [_thread_blocked, id=8867, stack(0x00007f26d9bfb000,0x00007f26d9cfc000)]
  0x00007f26b0264800 JavaThread "C1 CompilerThread3" daemon [_thread_blocked, id=8868, stack(0x00007f26d9afa000,0x00007f26d9bfb000)]
  0x00007f2690005800 JavaThread "C2 CompilerThread2" daemon [_thread_blocked, id=8869, stack(0x00007f26d97f9000,0x00007f26d98fa000)]
  0x00007f269c028800 JavaThread "C2 CompilerThread3" daemon [_thread_in_native, id=8870, stack(0x00007f26d94f8000,0x00007f26d95f9000)]
  0x00007f269c02a800 JavaThread "C2 CompilerThread4" daemon [_thread_blocked, id=8871, stack(0x00007f26d93f7000,0x00007f26d94f8000)]
  0x00007f26b0183000 JavaThread "C2 CompilerThread5" daemon [_thread_blocked, id=8872, stack(0x00007f26d92f6000,0x00007f26d93f7000)]

Other Threads:
  0x00007f2710268800 VMThread "VM Thread" [stack: 0x00007f26f80d5000,0x00007f26f81d5000] [id=8855]
  0x00007f271030f800 WatcherThread [stack: 0x00007f26e01c6000,0x00007f26e02c6000] [id=8864]
  0x00007f271002e800 GCTaskThread "GC Thread#0" [stack: 0x00007f2715a00000,0x00007f2715b00000] [id=8850]
  0x00007f26cc001000 GCTaskThread "GC Thread#1" [stack: 0x00007f26d91f6000,0x00007f26d92f6000] [id=8873]
  0x00007f26cc002800 GCTaskThread "GC Thread#2" [stack: 0x00007f26d90f4000,0x00007f26d91f4000] [id=8874]
  0x00007f26cc004000 GCTaskThread "GC Thread#3" [stack: 0x00007f26d8ff2000,0x00007f26d90f2000] [id=8875]
  0x00007f26cc006000 GCTaskThread "GC Thread#4" [stack: 0x00007f26d8ef0000,0x00007f26d8ff0000] [id=8876]
  0x00007f26cc008000 GCTaskThread "GC Thread#5" [stack: 0x00007f26d8dee000,0x00007f26d8eee000] [id=8877]
  0x00007f26cc009800 GCTaskThread "GC Thread#6" [stack: 0x00007f26d8cec000,0x00007f26d8dec000] [id=8878]
  0x00007f26cc00b800 GCTaskThread "GC Thread#7" [stack: 0x00007f26d8bea000,0x00007f26d8cea000] [id=8879]
  0x00007f26cc00d000 GCTaskThread "GC Thread#8" [stack: 0x00007f26d8ae8000,0x00007f26d8be8000] [id=8880]
  0x00007f26cc00f000 GCTaskThread "GC Thread#9" [stack: 0x00007f26d89e6000,0x00007f26d8ae6000] [id=8881]
  0x00007f26cc010800 GCTaskThread "GC Thread#10" [stack: 0x00007f26d88e4000,0x00007f26d89e4000] [id=8882]
  0x00007f26cc012800 GCTaskThread "GC Thread#11" [stack: 0x00007f26d87e2000,0x00007f26d88e2000] [id=8883]
  0x00007f2710069000 ConcurrentGCThread "G1 Main Marker" [stack: 0x00007f2714a31000,0x00007f2714b31000] [id=8851]
  0x00007f271006b000 ConcurrentGCThread "G1 Conc#0" [stack: 0x00007f271492f000,0x00007f2714a2f000] [id=8852]
  0x00007f2710202800 ConcurrentGCThread "G1 Refine#0" [stack: 0x00007f26f83fe000,0x00007f26f84fe000] [id=8853]
  0x00007f2710204800 ConcurrentGCThread "G1 Young RemSet Sampling" [stack: 0x00007f26f82fc000,0x00007f26f83fc000] [id=8854]

Threads with active compile tasks:
C2 CompilerThread3    973 2125   !   4       java.net.URL::<init> (543 bytes)

VM state:not at safepoint (normal execution)

VM Mutex/Monitor currently owned by a thread: None

Heap address: 0x000000060a200000, size: 8030 MB, Compressed Oops mode: Zero based, Oop shift amount: 3
Narrow klass base: 0x0000000800000000, Narrow klass shift: 0
Compressed class space size: 1073741824 Address: 0x0000000800000000

Heap:
 garbage-first heap   total 514048K, used 44420K [0x000000060a200000, 0x0000000800000000)
  region size 2048K, 23 young (47104K), 2 survivors (4096K)
 Metaspace       used 20084K, capacity 20404K, committed 20480K, reserved 1067008K
  class space    used 2145K, capacity 2271K, committed 2304K, reserved 1048576K
Heap Regions: E=young(eden), S=young(survivor), O=old, HS=humongous(starts), HC=humongous(continues), CS=collection set, F=free, A=archive, TAMS=top-at-mark-start (previous, next)
|   0|0x000000060a200000, 0x000000060a200000, 0x000000060a400000|  0%| F|  |TAMS 0x000000060a200000, 0x000000060a200000| Untracked 
|   1|0x000000060a400000, 0x000000060a400000, 0x000000060a600000|  0%| F|  |TAMS 0x000000060a400000, 0x000000060a400000| Untracked 
|   2|0x000000060a600000, 0x000000060a600000, 0x000000060a800000|  0%| F|  |TAMS 0x000000060a600000, 0x000000060a600000| Untracked 
|   3|0x000000060a800000, 0x000000060a800000, 0x000000060aa00000|  0%| F|  |TAMS 0x000000060a800000, 0x000000060a800000| Untracked 
|   4|0x000000060aa00000, 0x000000060aa00000, 0x000000060ac00000|  0%| F|  |TAMS 0x000000060aa00000, 0x000000060aa00000| Untracked 
|   5|0x000000060ac00000, 0x000000060ac00000, 0x000000060ae00000|  0%| F|  |TAMS 0x000000060ac00000, 0x000000060ac00000| Untracked 
|   6|0x000000060ae00000, 0x000000060ae00000, 0x000000060b000000|  0%| F|  |TAMS 0x000000060ae00000, 0x000000060ae00000| Untracked 
|   7|0x000000060b000000, 0x000000060b000000, 0x000000060b200000|  0%| F|  |TAMS 0x000000060b000000, 0x000000060b000000| Untracked 
|   8|0x000000060b200000, 0x000000060b200000, 0x000000060b400000|  0%| F|  |TAMS 0x000000060b200000, 0x000000060b200000| Untracked 
|   9|0x000000060b400000, 0x000000060b400000, 0x000000060b600000|  0%| F|  |TAMS 0x000000060b400000, 0x000000060b400000| Untracked 
|  10|0x000000060b600000, 0x000000060b600000, 0x000000060b800000|  0%| F|  |TAMS 0x000000060b600000, 0x000000060b600000| Untracked 
|  11|0x000000060b800000, 0x000000060b800000, 0x000000060ba00000|  0%| F|  |TAMS 0x000000060b800000, 0x000000060b800000| Untracked 
|  12|0x000000060ba00000, 0x000000060ba00000, 0x000000060bc00000|  0%| F|  |TAMS 0x000000060ba00000, 0x000000060ba00000| Untracked 
|  13|0x000000060bc00000, 0x000000060bc00000, 0x000000060be00000|  0%| F|  |TAMS 0x000000060bc00000, 0x000000060bc00000| Untracked 
|  14|0x000000060be00000, 0x000000060be00000, 0x000000060c000000|  0%| F|  |TAMS 0x000000060be00000, 0x000000060be00000| Untracked 
|  15|0x000000060c000000, 0x000000060c000000, 0x000000060c200000|  0%| F|  |TAMS 0x000000060c000000, 0x000000060c000000| Untracked 
|  16|0x000000060c200000, 0x000000060c200000, 0x000000060c400000|  0%| F|  |TAMS 0x000000060c200000, 0x000000060c200000| Untracked 
|  17|0x000000060c400000, 0x000000060c400000, 0x000000060c600000|  0%| F|  |TAMS 0x000000060c400000, 0x000000060c400000| Untracked 
|  18|0x000000060c600000, 0x000000060c600000, 0x000000060c800000|  0%| F|  |TAMS 0x000000060c600000, 0x000000060c600000| Untracked 
|  19|0x000000060c800000, 0x000000060c800000, 0x000000060ca00000|  0%| F|  |TAMS 0x000000060c800000, 0x000000060c800000| Untracked 
|  20|0x000000060ca00000, 0x000000060ca00000, 0x000000060cc00000|  0%| F|  |TAMS 0x000000060ca00000, 0x000000060ca00000| Untracked 
|  21|0x000000060cc00000, 0x000000060cc00000, 0x000000060ce00000|  0%| F|  |TAMS 0x000000060cc00000, 0x000000060cc00000| Untracked 
|  22|0x000000060ce00000, 0x000000060ce00000, 0x000000060d000000|  0%| F|  |TAMS 0x000000060ce00000, 0x000000060ce00000| Untracked 
|  23|0x000000060d000000, 0x000000060d000000, 0x000000060d200000|  0%| F|  |TAMS 0x000000060d000000, 0x000000060d000000| Untracked 
|  24|0x000000060d200000, 0x000000060d200000, 0x000000060d400000|  0%| F|  |TAMS 0x000000060d200000, 0x000000060d200000| Untracked 
|  25|0x000000060d400000, 0x000000060d400000, 0x000000060d600000|  0%| F|  |TAMS 0x000000060d400000, 0x000000060d400000| Untracked 
|  26|0x000000060d600000, 0x000000060d600000, 0x000000060d800000|  0%| F|  |TAMS 0x000000060d600000, 0x000000060d600000| Untracked 
|  27|0x000000060d800000, 0x000000060d800000, 0x000000060da00000|  0%| F|  |TAMS 0x000000060d800000, 0x000000060d800000| Untracked 
|  28|0x000000060da00000, 0x000000060da00000, 0x000000060dc00000|  0%| F|  |TAMS 0x000000060da00000, 0x000000060da00000| Untracked 
|  29|0x000000060dc00000, 0x000000060dc00000, 0x000000060de00000|  0%| F|  |TAMS 0x000000060dc00000, 0x000000060dc00000| Untracked 
|  30|0x000000060de00000, 0x000000060de00000, 0x000000060e000000|  0%| F|  |TAMS 0x000000060de00000, 0x000000060de00000| Untracked 
|  31|0x000000060e000000, 0x000000060e000000, 0x000000060e200000|  0%| F|  |TAMS 0x000000060e000000, 0x000000060e000000| Untracked 
|  32|0x000000060e200000, 0x000000060e200000, 0x000000060e400000|  0%| F|  |TAMS 0x000000060e200000, 0x000000060e200000| Untracked 
|  33|0x000000060e400000, 0x000000060e400000, 0x000000060e600000|  0%| F|  |TAMS 0x000000060e400000, 0x000000060e400000| Untracked 
|  34|0x000000060e600000, 0x000000060e600000, 0x000000060e800000|  0%| F|  |TAMS 0x000000060e600000, 0x000000060e600000| Untracked 
|  35|0x000000060e800000, 0x000000060e800000, 0x000000060ea00000|  0%| F|  |TAMS 0x000000060e800000, 0x000000060e800000| Untracked 
|  36|0x000000060ea00000, 0x000000060ea00000, 0x000000060ec00000|  0%| F|  |TAMS 0x000000060ea00000, 0x000000060ea00000| Untracked 
|  37|0x000000060ec00000, 0x000000060ec00000, 0x000000060ee00000|  0%| F|  |TAMS 0x000000060ec00000, 0x000000060ec00000| Untracked 
|  38|0x000000060ee00000, 0x000000060ee00000, 0x000000060f000000|  0%| F|  |TAMS 0x000000060ee00000, 0x000000060ee00000| Untracked 
|  39|0x000000060f000000, 0x000000060f000000, 0x000000060f200000|  0%| F|  |TAMS 0x000000060f000000, 0x000000060f000000| Untracked 
|  40|0x000000060f200000, 0x000000060f200000, 0x000000060f400000|  0%| F|  |TAMS 0x000000060f200000, 0x000000060f200000| Untracked 
|  41|0x000000060f400000, 0x000000060f400000, 0x000000060f600000|  0%| F|  |TAMS 0x000000060f400000, 0x000000060f400000| Untracked 
|  42|0x000000060f600000, 0x000000060f600000, 0x000000060f800000|  0%| F|  |TAMS 0x000000060f600000, 0x000000060f600000| Untracked 
|  43|0x000000060f800000, 0x000000060f800000, 0x000000060fa00000|  0%| F|  |TAMS 0x000000060f800000, 0x000000060f800000| Untracked 
|  44|0x000000060fa00000, 0x000000060fa00000, 0x000000060fc00000|  0%| F|  |TAMS 0x000000060fa00000, 0x000000060fa00000| Untracked 
|  45|0x000000060fc00000, 0x000000060fc00000, 0x000000060fe00000|  0%| F|  |TAMS 0x000000060fc00000, 0x000000060fc00000| Untracked 
|  46|0x000000060fe00000, 0x000000060fe00000, 0x0000000610000000|  0%| F|  |TAMS 0x000000060fe00000, 0x000000060fe00000| Untracked 
|  47|0x0000000610000000, 0x0000000610000000, 0x0000000610200000|  0%| F|  |TAMS 0x0000000610000000, 0x0000000610000000| Untracked 
|  48|0x0000000610200000, 0x0000000610200000, 0x0000000610400000|  0%| F|  |TAMS 0x0000000610200000, 0x0000000610200000| Untracked 
|  49|0x0000000610400000, 0x0000000610400000, 0x0000000610600000|  0%| F|  |TAMS 0x0000000610400000, 0x0000000610400000| Untracked 
|  50|0x0000000610600000, 0x0000000610600000, 0x0000000610800000|  0%| F|  |TAMS 0x0000000610600000, 0x0000000610600000| Untracked 
|  51|0x0000000610800000, 0x0000000610800000, 0x0000000610a00000|  0%| F|  |TAMS 0x0000000610800000, 0x0000000610800000| Untracked 
|  52|0x0000000610a00000, 0x0000000610a00000, 0x0000000610c00000|  0%| F|  |TAMS 0x0000000610a00000, 0x0000000610a00000| Untracked 
|  53|0x0000000610c00000, 0x0000000610c00000, 0x0000000610e00000|  0%| F|  |TAMS 0x0000000610c00000, 0x0000000610c00000| Untracked 
|  54|0x0000000610e00000, 0x0000000610e00000, 0x0000000611000000|  0%| F|  |TAMS 0x0000000610e00000, 0x0000000610e00000| Untracked 
|  55|0x0000000611000000, 0x0000000611000000, 0x0000000611200000|  0%| F|  |TAMS 0x0000000611000000, 0x0000000611000000| Untracked 
|  56|0x0000000611200000, 0x0000000611200000, 0x0000000611400000|  0%| F|  |TAMS 0x0000000611200000, 0x0000000611200000| Untracked 
|  57|0x0000000611400000, 0x0000000611400000, 0x0000000611600000|  0%| F|  |TAMS 0x0000000611400000, 0x0000000611400000| Untracked 
|  58|0x0000000611600000, 0x0000000611600000, 0x0000000611800000|  0%| F|  |TAMS 0x0000000611600000, 0x0000000611600000| Untracked 
|  59|0x0000000611800000, 0x0000000611800000, 0x0000000611a00000|  0%| F|  |TAMS 0x0000000611800000, 0x0000000611800000| Untracked 
|  60|0x0000000611a00000, 0x0000000611a00000, 0x0000000611c00000|  0%| F|  |TAMS 0x0000000611a00000, 0x0000000611a00000| Untracked 
|  61|0x0000000611c00000, 0x0000000611c00000, 0x0000000611e00000|  0%| F|  |TAMS 0x0000000611c00000, 0x0000000611c00000| Untracked 
|  62|0x0000000611e00000, 0x0000000611e00000, 0x0000000612000000|  0%| F|  |TAMS 0x0000000611e00000, 0x0000000611e00000| Untracked 
|  63|0x0000000612000000, 0x0000000612000000, 0x0000000612200000|  0%| F|  |TAMS 0x0000000612000000, 0x0000000612000000| Untracked 
|  64|0x0000000612200000, 0x0000000612200000, 0x0000000612400000|  0%| F|  |TAMS 0x0000000612200000, 0x0000000612200000| Untracked 
|  65|0x0000000612400000, 0x0000000612400000, 0x0000000612600000|  0%| F|  |TAMS 0x0000000612400000, 0x0000000612400000| Untracked 
|  66|0x0000000612600000, 0x0000000612600000, 0x0000000612800000|  0%| F|  |TAMS 0x0000000612600000, 0x0000000612600000| Untracked 
|  67|0x0000000612800000, 0x0000000612800000, 0x0000000612a00000|  0%| F|  |TAMS 0x0000000612800000, 0x0000000612800000| Untracked 
|  68|0x0000000612a00000, 0x0000000612a00000, 0x0000000612c00000|  0%| F|  |TAMS 0x0000000612a00000, 0x0000000612a00000| Untracked 
|  69|0x0000000612c00000, 0x0000000612c00000, 0x0000000612e00000|  0%| F|  |TAMS 0x0000000612c00000, 0x0000000612c00000| Untracked 
|  70|0x0000000612e00000, 0x0000000612e00000, 0x0000000613000000|  0%| F|  |TAMS 0x0000000612e00000, 0x0000000612e00000| Untracked 
|  71|0x0000000613000000, 0x0000000613000000, 0x0000000613200000|  0%| F|  |TAMS 0x0000000613000000, 0x0000000613000000| Untracked 
|  72|0x0000000613200000, 0x0000000613200000, 0x0000000613400000|  0%| F|  |TAMS 0x0000000613200000, 0x0000000613200000| Untracked 
|  73|0x0000000613400000, 0x0000000613400000, 0x0000000613600000|  0%| F|  |TAMS 0x0000000613400000, 0x0000000613400000| Untracked 
|  74|0x0000000613600000, 0x0000000613600000, 0x0000000613800000|  0%| F|  |TAMS 0x0000000613600000, 0x0000000613600000| Untracked 
|  75|0x0000000613800000, 0x0000000613800000, 0x0000000613a00000|  0%| F|  |TAMS 0x0000000613800000, 0x0000000613800000| Untracked 
|  76|0x0000000613a00000, 0x0000000613a00000, 0x0000000613c00000|  0%| F|  |TAMS 0x0000000613a00000, 0x0000000613a00000| Untracked 
|  77|0x0000000613c00000, 0x0000000613c00000, 0x0000000613e00000|  0%| F|  |TAMS 0x0000000613c00000, 0x0000000613c00000| Untracked 
|  78|0x0000000613e00000, 0x0000000613e00000, 0x0000000614000000|  0%| F|  |TAMS 0x0000000613e00000, 0x0000000613e00000| Untracked 
|  79|0x0000000614000000, 0x0000000614000000, 0x0000000614200000|  0%| F|  |TAMS 0x0000000614000000, 0x0000000614000000| Untracked 
|  80|0x0000000614200000, 0x0000000614200000, 0x0000000614400000|  0%| F|  |TAMS 0x0000000614200000, 0x0000000614200000| Untracked 
|  81|0x0000000614400000, 0x0000000614400000, 0x0000000614600000|  0%| F|  |TAMS 0x0000000614400000, 0x0000000614400000| Untracked 
|  82|0x0000000614600000, 0x0000000614600000, 0x0000000614800000|  0%| F|  |TAMS 0x0000000614600000, 0x0000000614600000| Untracked 
|  83|0x0000000614800000, 0x0000000614800000, 0x0000000614a00000|  0%| F|  |TAMS 0x0000000614800000, 0x0000000614800000| Untracked 
|  84|0x0000000614a00000, 0x0000000614a00000, 0x0000000614c00000|  0%| F|  |TAMS 0x0000000614a00000, 0x0000000614a00000| Untracked 
|  85|0x0000000614c00000, 0x0000000614c00000, 0x0000000614e00000|  0%| F|  |TAMS 0x0000000614c00000, 0x0000000614c00000| Untracked 
|  86|0x0000000614e00000, 0x0000000614e00000, 0x0000000615000000|  0%| F|  |TAMS 0x0000000614e00000, 0x0000000614e00000| Untracked 
|  87|0x0000000615000000, 0x0000000615000000, 0x0000000615200000|  0%| F|  |TAMS 0x0000000615000000, 0x0000000615000000| Untracked 
|  88|0x0000000615200000, 0x0000000615200000, 0x0000000615400000|  0%| F|  |TAMS 0x0000000615200000, 0x0000000615200000| Untracked 
|  89|0x0000000615400000, 0x0000000615400000, 0x0000000615600000|  0%| F|  |TAMS 0x0000000615400000, 0x0000000615400000| Untracked 
|  90|0x0000000615600000, 0x0000000615600000, 0x0000000615800000|  0%| F|  |TAMS 0x0000000615600000, 0x0000000615600000| Untracked 
|  91|0x0000000615800000, 0x0000000615800000, 0x0000000615a00000|  0%| F|  |TAMS 0x0000000615800000, 0x0000000615800000| Untracked 
|  92|0x0000000615a00000, 0x0000000615a00000, 0x0000000615c00000|  0%| F|  |TAMS 0x0000000615a00000, 0x0000000615a00000| Untracked 
|  93|0x0000000615c00000, 0x0000000615c00000, 0x0000000615e00000|  0%| F|  |TAMS 0x0000000615c00000, 0x0000000615c00000| Untracked 
|  94|0x0000000615e00000, 0x0000000615e00000, 0x0000000616000000|  0%| F|  |TAMS 0x0000000615e00000, 0x0000000615e00000| Untracked 
|  95|0x0000000616000000, 0x0000000616000000, 0x0000000616200000|  0%| F|  |TAMS 0x0000000616000000, 0x0000000616000000| Untracked 
|  96|0x0000000616200000, 0x0000000616200000, 0x0000000616400000|  0%| F|  |TAMS 0x0000000616200000, 0x0000000616200000| Untracked 
|  97|0x0000000616400000, 0x0000000616400000, 0x0000000616600000|  0%| F|  |TAMS 0x0000000616400000, 0x0000000616400000| Untracked 
|  98|0x0000000616600000, 0x0000000616600000, 0x0000000616800000|  0%| F|  |TAMS 0x0000000616600000, 0x0000000616600000| Untracked 
|  99|0x0000000616800000, 0x0000000616800000, 0x0000000616a00000|  0%| F|  |TAMS 0x0000000616800000, 0x0000000616800000| Untracked 
| 100|0x0000000616a00000, 0x0000000616a00000, 0x0000000616c00000|  0%| F|  |TAMS 0x0000000616a00000, 0x0000000616a00000| Untracked 
| 101|0x0000000616c00000, 0x0000000616c00000, 0x0000000616e00000|  0%| F|  |TAMS 0x0000000616c00000, 0x0000000616c00000| Untracked 
| 102|0x0000000616e00000, 0x0000000616e00000, 0x0000000617000000|  0%| F|  |TAMS 0x0000000616e00000, 0x0000000616e00000| Untracked 
| 103|0x0000000617000000, 0x0000000617000000, 0x0000000617200000|  0%| F|  |TAMS 0x0000000617000000, 0x0000000617000000| Untracked 
| 104|0x0000000617200000, 0x0000000617200000, 0x0000000617400000|  0%| F|  |TAMS 0x0000000617200000, 0x0000000617200000| Untracked 
| 105|0x0000000617400000, 0x0000000617400000, 0x0000000617600000|  0%| F|  |TAMS 0x0000000617400000, 0x0000000617400000| Untracked 
| 106|0x0000000617600000, 0x0000000617600000, 0x0000000617800000|  0%| F|  |TAMS 0x0000000617600000, 0x0000000617600000| Untracked 
| 107|0x0000000617800000, 0x0000000617800000, 0x0000000617a00000|  0%| F|  |TAMS 0x0000000617800000, 0x0000000617800000| Untracked 
| 108|0x0000000617a00000, 0x0000000617a00000, 0x0000000617c00000|  0%| F|  |TAMS 0x0000000617a00000, 0x0000000617a00000| Untracked 
| 109|0x0000000617c00000, 0x0000000617c00000, 0x0000000617e00000|  0%| F|  |TAMS 0x0000000617c00000, 0x0000000617c00000| Untracked 
| 110|0x0000000617e00000, 0x0000000617e00000, 0x0000000618000000|  0%| F|  |TAMS 0x0000000617e00000, 0x0000000617e00000| Untracked 
| 111|0x0000000618000000, 0x0000000618000000, 0x0000000618200000|  0%| F|  |TAMS 0x0000000618000000, 0x0000000618000000| Untracked 
| 112|0x0000000618200000, 0x0000000618200000, 0x0000000618400000|  0%| F|  |TAMS 0x0000000618200000, 0x0000000618200000| Untracked 
| 113|0x0000000618400000, 0x0000000618400000, 0x0000000618600000|  0%| F|  |TAMS 0x0000000618400000, 0x0000000618400000| Untracked 
| 114|0x0000000618600000, 0x0000000618600000, 0x0000000618800000|  0%| F|  |TAMS 0x0000000618600000, 0x0000000618600000| Untracked 
| 115|0x0000000618800000, 0x0000000618800000, 0x0000000618a00000|  0%| F|  |TAMS 0x0000000618800000, 0x0000000618800000| Untracked 
| 116|0x0000000618a00000, 0x0000000618a00000, 0x0000000618c00000|  0%| F|  |TAMS 0x0000000618a00000, 0x0000000618a00000| Untracked 
| 117|0x0000000618c00000, 0x0000000618c00000, 0x0000000618e00000|  0%| F|  |TAMS 0x0000000618c00000, 0x0000000618c00000| Untracked 
| 118|0x0000000618e00000, 0x0000000618e00000, 0x0000000619000000|  0%| F|  |TAMS 0x0000000618e00000, 0x0000000618e00000| Untracked 
| 119|0x0000000619000000, 0x0000000619000000, 0x0000000619200000|  0%| F|  |TAMS 0x0000000619000000, 0x0000000619000000| Untracked 
| 120|0x0000000619200000, 0x0000000619200000, 0x0000000619400000|  0%| F|  |TAMS 0x0000000619200000, 0x0000000619200000| Untracked 
| 121|0x0000000619400000, 0x0000000619400000, 0x0000000619600000|  0%| F|  |TAMS 0x0000000619400000, 0x0000000619400000| Untracked 
| 122|0x0000000619600000, 0x0000000619600000, 0x0000000619800000|  0%| F|  |TAMS 0x0000000619600000, 0x0000000619600000| Untracked 
| 123|0x0000000619800000, 0x0000000619800000, 0x0000000619a00000|  0%| F|  |TAMS 0x0000000619800000, 0x0000000619800000| Untracked 
| 124|0x0000000619a00000, 0x0000000619a00000, 0x0000000619c00000|  0%| F|  |TAMS 0x0000000619a00000, 0x0000000619a00000| Untracked 
| 125|0x0000000619c00000, 0x0000000619c00000, 0x0000000619e00000|  0%| F|  |TAMS 0x0000000619c00000, 0x0000000619c00000| Untracked 
| 126|0x0000000619e00000, 0x0000000619e00000, 0x000000061a000000|  0%| F|  |TAMS 0x0000000619e00000, 0x0000000619e00000| Untracked 
| 127|0x000000061a000000, 0x000000061a000000, 0x000000061a200000|  0%| F|  |TAMS 0x000000061a000000, 0x000000061a000000| Untracked 
| 128|0x000000061a200000, 0x000000061a200000, 0x000000061a400000|  0%| F|  |TAMS 0x000000061a200000, 0x000000061a200000| Untracked 
| 129|0x000000061a400000, 0x000000061a400000, 0x000000061a600000|  0%| F|  |TAMS 0x000000061a400000, 0x000000061a400000| Untracked 
| 130|0x000000061a600000, 0x000000061a600000, 0x000000061a800000|  0%| F|  |TAMS 0x000000061a600000, 0x000000061a600000| Untracked 
| 131|0x000000061a800000, 0x000000061a800000, 0x000000061aa00000|  0%| F|  |TAMS 0x000000061a800000, 0x000000061a800000| Untracked 
| 132|0x000000061aa00000, 0x000000061aa00000, 0x000000061ac00000|  0%| F|  |TAMS 0x000000061aa00000, 0x000000061aa00000| Untracked 
| 133|0x000000061ac00000, 0x000000061ac00000, 0x000000061ae00000|  0%| F|  |TAMS 0x000000061ac00000, 0x000000061ac00000| Untracked 
| 134|0x000000061ae00000, 0x000000061ae00000, 0x000000061b000000|  0%| F|  |TAMS 0x000000061ae00000, 0x000000061ae00000| Untracked 
| 135|0x000000061b000000, 0x000000061b000000, 0x000000061b200000|  0%| F|  |TAMS 0x000000061b000000, 0x000000061b000000| Untracked 
| 136|0x000000061b200000, 0x000000061b200000, 0x000000061b400000|  0%| F|  |TAMS 0x000000061b200000, 0x000000061b200000| Untracked 
| 137|0x000000061b400000, 0x000000061b400000, 0x000000061b600000|  0%| F|  |TAMS 0x000000061b400000, 0x000000061b400000| Untracked 
| 138|0x000000061b600000, 0x000000061b600000, 0x000000061b800000|  0%| F|  |TAMS 0x000000061b600000, 0x000000061b600000| Untracked 
| 139|0x000000061b800000, 0x000000061b800000, 0x000000061ba00000|  0%| F|  |TAMS 0x000000061b800000, 0x000000061b800000| Untracked 
| 140|0x000000061ba00000, 0x000000061ba00000, 0x000000061bc00000|  0%| F|  |TAMS 0x000000061ba00000, 0x000000061ba00000| Untracked 
| 141|0x000000061bc00000, 0x000000061bc00000, 0x000000061be00000|  0%| F|  |TAMS 0x000000061bc00000, 0x000000061bc00000| Untracked 
| 142|0x000000061be00000, 0x000000061be00000, 0x000000061c000000|  0%| F|  |TAMS 0x000000061be00000, 0x000000061be00000| Untracked 
| 143|0x000000061c000000, 0x000000061c000000, 0x000000061c200000|  0%| F|  |TAMS 0x000000061c000000, 0x000000061c000000| Untracked 
| 144|0x000000061c200000, 0x000000061c200000, 0x000000061c400000|  0%| F|  |TAMS 0x000000061c200000, 0x000000061c200000| Untracked 
| 145|0x000000061c400000, 0x000000061c400000, 0x000000061c600000|  0%| F|  |TAMS 0x000000061c400000, 0x000000061c400000| Untracked 
| 146|0x000000061c600000, 0x000000061c600000, 0x000000061c800000|  0%| F|  |TAMS 0x000000061c600000, 0x000000061c600000| Untracked 
| 147|0x000000061c800000, 0x000000061c800000, 0x000000061ca00000|  0%| F|  |TAMS 0x000000061c800000, 0x000000061c800000| Untracked 
| 148|0x000000061ca00000, 0x000000061ca00000, 0x000000061cc00000|  0%| F|  |TAMS 0x000000061ca00000, 0x000000061ca00000| Untracked 
| 149|0x000000061cc00000, 0x000000061cc00000, 0x000000061ce00000|  0%| F|  |TAMS 0x000000061cc00000, 0x000000061cc00000| Untracked 
| 150|0x000000061ce00000, 0x000000061ce00000, 0x000000061d000000|  0%| F|  |TAMS 0x000000061ce00000, 0x000000061ce00000| Untracked 
| 151|0x000000061d000000, 0x000000061d000000, 0x000000061d200000|  0%| F|  |TAMS 0x000000061d000000, 0x000000061d000000| Untracked 
| 152|0x000000061d200000, 0x000000061d200000, 0x000000061d400000|  0%| F|  |TAMS 0x000000061d200000, 0x000000061d200000| Untracked 
| 153|0x000000061d400000, 0x000000061d400000, 0x000000061d600000|  0%| F|  |TAMS 0x000000061d400000, 0x000000061d400000| Untracked 
| 154|0x000000061d600000, 0x000000061d600000, 0x000000061d800000|  0%| F|  |TAMS 0x000000061d600000, 0x000000061d600000| Untracked 
| 155|0x000000061d800000, 0x000000061d800000, 0x000000061da00000|  0%| F|  |TAMS 0x000000061d800000, 0x000000061d800000| Untracked 
| 156|0x000000061da00000, 0x000000061da00000, 0x000000061dc00000|  0%| F|  |TAMS 0x000000061da00000, 0x000000061da00000| Untracked 
| 157|0x000000061dc00000, 0x000000061dc00000, 0x000000061de00000|  0%| F|  |TAMS 0x000000061dc00000, 0x000000061dc00000| Untracked 
| 158|0x000000061de00000, 0x000000061de00000, 0x000000061e000000|  0%| F|  |TAMS 0x000000061de00000, 0x000000061de00000| Untracked 
| 159|0x000000061e000000, 0x000000061e000000, 0x000000061e200000|  0%| F|  |TAMS 0x000000061e000000, 0x000000061e000000| Untracked 
| 160|0x000000061e200000, 0x000000061e200000, 0x000000061e400000|  0%| F|  |TAMS 0x000000061e200000, 0x000000061e200000| Untracked 
| 161|0x000000061e400000, 0x000000061e400000, 0x000000061e600000|  0%| F|  |TAMS 0x000000061e400000, 0x000000061e400000| Untracked 
| 162|0x000000061e600000, 0x000000061e600000, 0x000000061e800000|  0%| F|  |TAMS 0x000000061e600000, 0x000000061e600000| Untracked 
| 163|0x000000061e800000, 0x000000061e800000, 0x000000061ea00000|  0%| F|  |TAMS 0x000000061e800000, 0x000000061e800000| Untracked 
| 164|0x000000061ea00000, 0x000000061ea00000, 0x000000061ec00000|  0%| F|  |TAMS 0x000000061ea00000, 0x000000061ea00000| Untracked 
| 165|0x000000061ec00000, 0x000000061ec00000, 0x000000061ee00000|  0%| F|  |TAMS 0x000000061ec00000, 0x000000061ec00000| Untracked 
| 166|0x000000061ee00000, 0x000000061ee00000, 0x000000061f000000|  0%| F|  |TAMS 0x000000061ee00000, 0x000000061ee00000| Untracked 
| 167|0x000000061f000000, 0x000000061f000000, 0x000000061f200000|  0%| F|  |TAMS 0x000000061f000000, 0x000000061f000000| Untracked 
| 168|0x000000061f200000, 0x000000061f200000, 0x000000061f400000|  0%| F|  |TAMS 0x000000061f200000, 0x000000061f200000| Untracked 
| 169|0x000000061f400000, 0x000000061f400000, 0x000000061f600000|  0%| F|  |TAMS 0x000000061f400000, 0x000000061f400000| Untracked 
| 170|0x000000061f600000, 0x000000061f600000, 0x000000061f800000|  0%| F|  |TAMS 0x000000061f600000, 0x000000061f600000| Untracked 
| 171|0x000000061f800000, 0x000000061f800000, 0x000000061fa00000|  0%| F|  |TAMS 0x000000061f800000, 0x000000061f800000| Untracked 
| 172|0x000000061fa00000, 0x000000061fa00000, 0x000000061fc00000|  0%| F|  |TAMS 0x000000061fa00000, 0x000000061fa00000| Untracked 
| 173|0x000000061fc00000, 0x000000061fc00000, 0x000000061fe00000|  0%| F|  |TAMS 0x000000061fc00000, 0x000000061fc00000| Untracked 
| 174|0x000000061fe00000, 0x000000061fe00000, 0x0000000620000000|  0%| F|  |TAMS 0x000000061fe00000, 0x000000061fe00000| Untracked 
| 175|0x0000000620000000, 0x0000000620000000, 0x0000000620200000|  0%| F|  |TAMS 0x0000000620000000, 0x0000000620000000| Untracked 
| 176|0x0000000620200000, 0x0000000620200000, 0x0000000620400000|  0%| F|  |TAMS 0x0000000620200000, 0x0000000620200000| Untracked 
| 177|0x0000000620400000, 0x0000000620400000, 0x0000000620600000|  0%| F|  |TAMS 0x0000000620400000, 0x0000000620400000| Untracked 
| 178|0x0000000620600000, 0x0000000620600000, 0x0000000620800000|  0%| F|  |TAMS 0x0000000620600000, 0x0000000620600000| Untracked 
| 179|0x0000000620800000, 0x0000000620800000, 0x0000000620a00000|  0%| F|  |TAMS 0x0000000620800000, 0x0000000620800000| Untracked 
| 180|0x0000000620a00000, 0x0000000620a00000, 0x0000000620c00000|  0%| F|  |TAMS 0x0000000620a00000, 0x0000000620a00000| Untracked 
| 181|0x0000000620c00000, 0x0000000620c00000, 0x0000000620e00000|  0%| F|  |TAMS 0x0000000620c00000, 0x0000000620c00000| Untracked 
| 182|0x0000000620e00000, 0x0000000620e00000, 0x0000000621000000|  0%| F|  |TAMS 0x0000000620e00000, 0x0000000620e00000| Untracked 
| 183|0x0000000621000000, 0x0000000621000000, 0x0000000621200000|  0%| F|  |TAMS 0x0000000621000000, 0x0000000621000000| Untracked 
| 184|0x0000000621200000, 0x0000000621200000, 0x0000000621400000|  0%| F|  |TAMS 0x0000000621200000, 0x0000000621200000| Untracked 
| 185|0x0000000621400000, 0x0000000621400000, 0x0000000621600000|  0%| F|  |TAMS 0x0000000621400000, 0x0000000621400000| Untracked 
| 186|0x0000000621600000, 0x0000000621600000, 0x0000000621800000|  0%| F|  |TAMS 0x0000000621600000, 0x0000000621600000| Untracked 
| 187|0x0000000621800000, 0x0000000621800000, 0x0000000621a00000|  0%| F|  |TAMS 0x0000000621800000, 0x0000000621800000| Untracked 
| 188|0x0000000621a00000, 0x0000000621a00000, 0x0000000621c00000|  0%| F|  |TAMS 0x0000000621a00000, 0x0000000621a00000| Untracked 
| 189|0x0000000621c00000, 0x0000000621c00000, 0x0000000621e00000|  0%| F|  |TAMS 0x0000000621c00000, 0x0000000621c00000| Untracked 
| 190|0x0000000621e00000, 0x0000000621e00000, 0x0000000622000000|  0%| F|  |TAMS 0x0000000621e00000, 0x0000000621e00000| Untracked 
| 191|0x0000000622000000, 0x0000000622000000, 0x0000000622200000|  0%| F|  |TAMS 0x0000000622000000, 0x0000000622000000| Untracked 
| 192|0x0000000622200000, 0x0000000622200000, 0x0000000622400000|  0%| F|  |TAMS 0x0000000622200000, 0x0000000622200000| Untracked 
| 193|0x0000000622400000, 0x0000000622400000, 0x0000000622600000|  0%| F|  |TAMS 0x0000000622400000, 0x0000000622400000| Untracked 
| 194|0x0000000622600000, 0x0000000622600000, 0x0000000622800000|  0%| F|  |TAMS 0x0000000622600000, 0x0000000622600000| Untracked 
| 195|0x0000000622800000, 0x0000000622800000, 0x0000000622a00000|  0%| F|  |TAMS 0x0000000622800000, 0x0000000622800000| Untracked 
| 196|0x0000000622a00000, 0x0000000622a00000, 0x0000000622c00000|  0%| F|  |TAMS 0x0000000622a00000, 0x0000000622a00000| Untracked 
| 197|0x0000000622c00000, 0x0000000622c00000, 0x0000000622e00000|  0%| F|  |TAMS 0x0000000622c00000, 0x0000000622c00000| Untracked 
| 198|0x0000000622e00000, 0x0000000622e00000, 0x0000000623000000|  0%| F|  |TAMS 0x0000000622e00000, 0x0000000622e00000| Untracked 
| 199|0x0000000623000000, 0x0000000623000000, 0x0000000623200000|  0%| F|  |TAMS 0x0000000623000000, 0x0000000623000000| Untracked 
| 200|0x0000000623200000, 0x0000000623200000, 0x0000000623400000|  0%| F|  |TAMS 0x0000000623200000, 0x0000000623200000| Untracked 
| 201|0x0000000623400000, 0x0000000623400000, 0x0000000623600000|  0%| F|  |TAMS 0x0000000623400000, 0x0000000623400000| Untracked 
| 202|0x0000000623600000, 0x0000000623600000, 0x0000000623800000|  0%| F|  |TAMS 0x0000000623600000, 0x0000000623600000| Untracked 
| 203|0x0000000623800000, 0x0000000623800000, 0x0000000623a00000|  0%| F|  |TAMS 0x0000000623800000, 0x0000000623800000| Untracked 
| 204|0x0000000623a00000, 0x0000000623a00000, 0x0000000623c00000|  0%| F|  |TAMS 0x0000000623a00000, 0x0000000623a00000| Untracked 
| 205|0x0000000623c00000, 0x0000000623c00000, 0x0000000623e00000|  0%| F|  |TAMS 0x0000000623c00000, 0x0000000623c00000| Untracked 
| 206|0x0000000623e00000, 0x0000000623e00000, 0x0000000624000000|  0%| F|  |TAMS 0x0000000623e00000, 0x0000000623e00000| Untracked 
| 207|0x0000000624000000, 0x0000000624000000, 0x0000000624200000|  0%| F|  |TAMS 0x0000000624000000, 0x0000000624000000| Untracked 
| 208|0x0000000624200000, 0x0000000624200000, 0x0000000624400000|  0%| F|  |TAMS 0x0000000624200000, 0x0000000624200000| Untracked 
| 209|0x0000000624400000, 0x0000000624400000, 0x0000000624600000|  0%| F|  |TAMS 0x0000000624400000, 0x0000000624400000| Untracked 
| 210|0x0000000624600000, 0x0000000624600000, 0x0000000624800000|  0%| F|  |TAMS 0x0000000624600000, 0x0000000624600000| Untracked 
| 211|0x0000000624800000, 0x0000000624800000, 0x0000000624a00000|  0%| F|  |TAMS 0x0000000624800000, 0x0000000624800000| Untracked 
| 212|0x0000000624a00000, 0x0000000624a00000, 0x0000000624c00000|  0%| F|  |TAMS 0x0000000624a00000, 0x0000000624a00000| Untracked 
| 213|0x0000000624c00000, 0x0000000624c00000, 0x0000000624e00000|  0%| F|  |TAMS 0x0000000624c00000, 0x0000000624c00000| Untracked 
| 214|0x0000000624e00000, 0x0000000624e00000, 0x0000000625000000|  0%| F|  |TAMS 0x0000000624e00000, 0x0000000624e00000| Untracked 
| 215|0x0000000625000000, 0x0000000625000000, 0x0000000625200000|  0%| F|  |TAMS 0x0000000625000000, 0x0000000625000000| Untracked 
| 216|0x0000000625200000, 0x0000000625200000, 0x0000000625400000|  0%| F|  |TAMS 0x0000000625200000, 0x0000000625200000| Untracked 
| 217|0x0000000625400000, 0x0000000625400000, 0x0000000625600000|  0%| F|  |TAMS 0x0000000625400000, 0x0000000625400000| Untracked 
| 218|0x0000000625600000, 0x0000000625600000, 0x0000000625800000|  0%| F|  |TAMS 0x0000000625600000, 0x0000000625600000| Untracked 
| 219|0x0000000625800000, 0x0000000625800000, 0x0000000625a00000|  0%| F|  |TAMS 0x0000000625800000, 0x0000000625800000| Untracked 
| 220|0x0000000625a00000, 0x0000000625a00000, 0x0000000625c00000|  0%| F|  |TAMS 0x0000000625a00000, 0x0000000625a00000| Untracked 
| 221|0x0000000625c00000, 0x0000000625c00000, 0x0000000625e00000|  0%| F|  |TAMS 0x0000000625c00000, 0x0000000625c00000| Untracked 
| 222|0x0000000625e00000, 0x0000000625e00000, 0x0000000626000000|  0%| F|  |TAMS 0x0000000625e00000, 0x0000000625e00000| Untracked 
| 223|0x0000000626000000, 0x0000000626000000, 0x0000000626200000|  0%| F|  |TAMS 0x0000000626000000, 0x0000000626000000| Untracked 
| 224|0x0000000626200000, 0x0000000626200000, 0x0000000626400000|  0%| F|  |TAMS 0x0000000626200000, 0x0000000626200000| Untracked 
| 225|0x0000000626400000, 0x0000000626400000, 0x0000000626600000|  0%| F|  |TAMS 0x0000000626400000, 0x0000000626400000| Untracked 
| 226|0x0000000626600000, 0x0000000626600000, 0x0000000626800000|  0%| F|  |TAMS 0x0000000626600000, 0x0000000626600000| Untracked 
| 227|0x0000000626800000, 0x0000000626800000, 0x0000000626a00000|  0%| F|  |TAMS 0x0000000626800000, 0x0000000626800000| Untracked 
| 228|0x0000000626a00000, 0x0000000626c00000, 0x0000000626c00000|100%| E|  |TAMS 0x0000000626a00000, 0x0000000626a00000| Complete 
| 229|0x0000000626c00000, 0x0000000626e00000, 0x0000000626e00000|100%| E|CS|TAMS 0x0000000626c00000, 0x0000000626c00000| Complete 
| 230|0x0000000626e00000, 0x0000000627000000, 0x0000000627000000|100%| E|CS|TAMS 0x0000000626e00000, 0x0000000626e00000| Complete 
| 231|0x0000000627000000, 0x0000000627200000, 0x0000000627200000|100%| E|CS|TAMS 0x0000000627000000, 0x0000000627000000| Complete 
| 232|0x0000000627200000, 0x0000000627400000, 0x0000000627400000|100%| E|CS|TAMS 0x0000000627200000, 0x0000000627200000| Complete 
| 233|0x0000000627400000, 0x0000000627600000, 0x0000000627600000|100%| E|CS|TAMS 0x0000000627400000, 0x0000000627400000| Complete 
| 234|0x0000000627600000, 0x0000000627800000, 0x0000000627800000|100%| E|CS|TAMS 0x0000000627600000, 0x0000000627600000| Complete 
| 235|0x0000000627800000, 0x0000000627a00000, 0x0000000627a00000|100%| E|CS|TAMS 0x0000000627800000, 0x0000000627800000| Complete 
| 236|0x0000000627a00000, 0x0000000627c00000, 0x0000000627c00000|100%| E|CS|TAMS 0x0000000627a00000, 0x0000000627a00000| Complete 
| 237|0x0000000627c00000, 0x0000000627d61120, 0x0000000627e00000| 68%| S|CS|TAMS 0x0000000627c00000, 0x0000000627c00000| Complete 
| 238|0x0000000627e00000, 0x0000000628000000, 0x0000000628000000|100%| S|CS|TAMS 0x0000000627e00000, 0x0000000627e00000| Complete 
| 239|0x0000000628000000, 0x0000000628200000, 0x0000000628200000|100%| E|CS|TAMS 0x0000000628000000, 0x0000000628000000| Complete 
| 240|0x0000000628200000, 0x0000000628400000, 0x0000000628400000|100%| E|CS|TAMS 0x0000000628200000, 0x0000000628200000| Complete 
| 241|0x0000000628400000, 0x0000000628600000, 0x0000000628600000|100%| E|CS|TAMS 0x0000000628400000, 0x0000000628400000| Complete 
| 242|0x0000000628600000, 0x0000000628800000, 0x0000000628800000|100%| E|CS|TAMS 0x0000000628600000, 0x0000000628600000| Complete 
| 243|0x0000000628800000, 0x0000000628a00000, 0x0000000628a00000|100%| E|CS|TAMS 0x0000000628800000, 0x0000000628800000| Complete 
| 244|0x0000000628a00000, 0x0000000628c00000, 0x0000000628c00000|100%| E|CS|TAMS 0x0000000628a00000, 0x0000000628a00000| Complete 
| 245|0x0000000628c00000, 0x0000000628e00000, 0x0000000628e00000|100%| E|CS|TAMS 0x0000000628c00000, 0x0000000628c00000| Complete 
| 246|0x0000000628e00000, 0x0000000629000000, 0x0000000629000000|100%| E|CS|TAMS 0x0000000628e00000, 0x0000000628e00000| Complete 
| 247|0x0000000629000000, 0x0000000629200000, 0x0000000629200000|100%| E|CS|TAMS 0x0000000629000000, 0x0000000629000000| Complete 
| 248|0x0000000629200000, 0x0000000629400000, 0x0000000629400000|100%| E|CS|TAMS 0x0000000629200000, 0x0000000629200000| Complete 
| 249|0x0000000629400000, 0x0000000629600000, 0x0000000629600000|100%| E|CS|TAMS 0x0000000629400000, 0x0000000629400000| Complete 
| 250|0x0000000629600000, 0x0000000629800000, 0x0000000629800000|100%| E|CS|TAMS 0x0000000629600000, 0x0000000629600000| Complete 

Card table byte_map: [0x00007f26f20a2000,0x00007f26f3051000] _byte_map_base: 0x00007f26ef051000

Marking Bits (Prev, Next): (CMBitMap*) 0x00007f27100586c8, (CMBitMap*) 0x00007f2710058700
 Prev Bits: [0x00007f26e937b000, 0x00007f26f10f3000)
 Next Bits: [0x00007f26e1603000, 0x00007f26e937b000)

Polling page: 0x00007f2715d25000

Metaspace:

Usage:
  Non-class:     17.71 MB capacity,    17.52 MB ( 99%) used,   172.88 KB ( <1%) free+waste,    21.44 KB ( <1%) overhead. 
      Class:      2.22 MB capacity,     2.10 MB ( 94%) used,   117.25 KB (  5%) free+waste,     8.44 KB ( <1%) overhead. 
       Both:     19.93 MB capacity,    19.61 MB ( 98%) used,   290.12 KB (  1%) free+waste,    29.88 KB ( <1%) overhead. 

Virtual space:
  Non-class space:       18.00 MB reserved,      17.75 MB ( 99%) committed 
      Class space:        1.00 GB reserved,       2.25 MB ( <1%) committed 
             Both:        1.02 GB reserved,      20.00 MB (  2%) committed 

Chunk freelists:
   Non-Class:  43.00 KB
       Class:  1.00 KB
        Both:  44.00 KB

MaxMetaspaceSize: unlimited
CompressedClassSpaceSize: 1.00 GB

CodeHeap 'non-profiled nmethods': size=119172Kb used=776Kb max_used=776Kb free=118396Kb
 bounds [0x00007f27004a1000, 0x00007f2700711000, 0x00007f2707902000]
CodeHeap 'profiled nmethods': size=119168Kb used=4813Kb max_used=4813Kb free=114354Kb
 bounds [0x00007f26f9041000, 0x00007f26f9501000, 0x00007f27004a1000]
CodeHeap 'non-nmethods': size=7420Kb used=2778Kb max_used=2798Kb free=4641Kb
 bounds [0x00007f26f8902000, 0x00007f26f8bc2000, 0x00007f26f9041000]
 total_blobs=2711 nmethods=2301 adapters=319
 compilation: enabled
              stopped_count=0, restarted_count=0
 full_count=0

Compilation events (20 events):
Event: 0.945 Thread 0x00007f26b0075000 2294       3       java.util.Collections$UnmodifiableMap$UnmodifiableEntrySet$1::next (5 bytes)
Event: 0.945 Thread 0x00007f26b0263000 2295       3       java.util.Collections$UnmodifiableMap$UnmodifiableEntrySet$1::next (20 bytes)
Event: 0.945 Thread 0x00007f26b0264800 nmethod 2292 0x00007f26f94eef90 code [0x00007f26f94ef160, 0x00007f26f94ef3c0]
Event: 0.945 Thread 0x00007f26b0264800 2296       3       java.util.Collections$UnmodifiableMap$UnmodifiableEntrySet$UnmodifiableEntry::<init> (16 bytes)
Event: 0.945 Thread 0x00007f271028e000 nmethod 2293 0x00007f26f94ef510 code [0x00007f26f94ef6c0, 0x00007f26f94ef880]
Event: 0.945 Thread 0x00007f271028e000 2297       3       java.util.Collections$UnmodifiableMap$UnmodifiableEntrySet$UnmodifiableEntry::getKey (10 bytes)
Event: 0.945 Thread 0x00007f26b0263000 nmethod 2295 0x00007f26f94ef990 code [0x00007f26f94efba0, 0x00007f26f94f0290]
Event: 0.945 Thread 0x00007f26b0263000 2298       3       java.util.Collections$UnmodifiableMap$UnmodifiableEntrySet$UnmodifiableEntry::getValue (10 bytes)
Event: 0.945 Thread 0x00007f271028e000 nmethod 2297 0x00007f26f94f0490 code [0x00007f26f94f0640, 0x00007f26f94f0800]
Event: 0.945 Thread 0x00007f26b0075000 nmethod 2294 0x00007f26f94f0910 code [0x00007f26f94f0b20, 0x00007f26f94f1270]
Event: 0.945 Thread 0x00007f26b0264800 nmethod 2296 0x00007f26f94f1490 code [0x00007f26f94f1680, 0x00007f26f94f1ac0]
Event: 0.945 Thread 0x00007f26b0263000 nmethod 2298 0x00007f26f94f1c10 code [0x00007f26f94f1dc0, 0x00007f26f94f1f80]
Event: 0.953 Thread 0x00007f26b0075000 2299       3       org.apache.maven.model.io.xpp3.MavenXpp3Reader::checkFieldWithDuplicate (75 bytes)
Event: 0.953 Thread 0x00007f26b0263000 2300       3       java.util.ArrayList::remove (26 bytes)
Event: 0.954 Thread 0x00007f26b0264800 2301       1       org.codehaus.plexus.util.xml.Xpp3Dom::getValue (5 bytes)
Event: 0.954 Thread 0x00007f26b0264800 nmethod 2301 0x00007f2700562d10 code [0x00007f2700562ec0, 0x00007f2700562f70]
Event: 0.954 Thread 0x00007f26b0263000 nmethod 2300 0x00007f26f94f2090 code [0x00007f26f94f22c0, 0x00007f26f94f2a70]
Event: 0.954 Thread 0x00007f26b0075000 nmethod 2299 0x00007f26f94f2d90 code [0x00007f26f94f3080, 0x00007f26f94f3cf0]
Event: 0.955 Thread 0x00007f271028e000 2302       3       java.util.regex.Pattern$Node::<init> (12 bytes)
Event: 0.955 Thread 0x00007f271028e000 nmethod 2302 0x00007f26f94f4210 code [0x00007f26f94f43c0, 0x00007f26f94f4590]

GC Heap History (2 events):
Event: 0.436 GC heap before
{Heap before GC invocations=0 (full 0):
 garbage-first heap   total 514048K, used 24576K [0x000000060a200000, 0x0000000800000000)
  region size 2048K, 12 young (24576K), 0 survivors (0K)
 Metaspace       used 12509K, capacity 12725K, committed 12928K, reserved 1060864K
  class space    used 1253K, capacity 1348K, committed 1408K, reserved 1048576K
}
Event: 0.441 GC heap after
{Heap after GC invocations=1 (full 0):
 garbage-first heap   total 514048K, used 3460K [0x000000060a200000, 0x0000000800000000)
  region size 2048K, 2 young (4096K), 2 survivors (4096K)
 Metaspace       used 12509K, capacity 12725K, committed 12928K, reserved 1060864K
  class space    used 1253K, capacity 1348K, committed 1408K, reserved 1048576K
}

Deoptimization events (20 events):
Event: 0.856 Thread 0x00007f2710016000 DEOPT PACKING pc=0x00007f270055a08c sp=0x00007f2715e38b30
Event: 0.856 Thread 0x00007f2710016000 DEOPT UNPACKING pc=0x00007f26f89287a5 sp=0x00007f2715e38af0 mode 2
Event: 0.863 Thread 0x00007f2710016000 Uncommon trap: trap_request=0xffffff4d fr.pc=0x00007f27004a6678 relative=0x0000000000000058
Event: 0.863 Thread 0x00007f2710016000 Uncommon trap: reason=unstable_if action=reinterpret pc=0x00007f27004a6678 method=java.lang.String.isLatin1()Z @ 10 c2
Event: 0.863 Thread 0x00007f2710016000 DEOPT PACKING pc=0x00007f27004a6678 sp=0x00007f2715e39150
Event: 0.863 Thread 0x00007f2710016000 DEOPT UNPACKING pc=0x00007f26f89287a5 sp=0x00007f2715e39100 mode 2
Event: 0.875 Thread 0x00007f2710016000 Uncommon trap: trap_request=0xffffff4d fr.pc=0x00007f2700515a7c relative=0x000000000000013c
Event: 0.875 Thread 0x00007f2710016000 Uncommon trap: reason=unstable_if action=reinterpret pc=0x00007f2700515a7c method=java.io.UnixFileSystem.normalize(Ljava/lang/String;)Ljava/lang/String; @ 60 c2
Event: 0.875 Thread 0x00007f2710016000 DEOPT PACKING pc=0x00007f2700515a7c sp=0x00007f2715e39900
Event: 0.875 Thread 0x00007f2710016000 DEOPT UNPACKING pc=0x00007f26f89287a5 sp=0x00007f2715e398a8 mode 2
Event: 0.915 Thread 0x00007f2710016000 DEOPT PACKING pc=0x00007f26f94c6cf8 sp=0x00007f2715e36c50
Event: 0.915 Thread 0x00007f2710016000 DEOPT UNPACKING pc=0x00007f26f89285ba sp=0x00007f2715e36188 mode 0
Event: 0.916 Thread 0x00007f2710016000 Uncommon trap: trap_request=0xffffff4d fr.pc=0x00007f270051670c relative=0x000000000000054c
Event: 0.916 Thread 0x00007f2710016000 Uncommon trap: reason=unstable_if action=reinterpret pc=0x00007f270051670c method=java.lang.StringLatin1.replace([BCC)Ljava/lang/String; @ 19 c2
Event: 0.916 Thread 0x00007f2710016000 DEOPT PACKING pc=0x00007f270051670c sp=0x00007f2715e39050
Event: 0.916 Thread 0x00007f2710016000 DEOPT UNPACKING pc=0x00007f26f89287a5 sp=0x00007f2715e38f90 mode 2
Event: 0.916 Thread 0x00007f2710016000 Uncommon trap: trap_request=0xffffff4d fr.pc=0x00007f27004c84f8 relative=0x00000000000004b8
Event: 0.916 Thread 0x00007f2710016000 Uncommon trap: reason=unstable_if action=reinterpret pc=0x00007f27004c84f8 method=java.lang.StringLatin1.replace([BCC)Ljava/lang/String; @ 19 c2
Event: 0.916 Thread 0x00007f2710016000 DEOPT PACKING pc=0x00007f27004c84f8 sp=0x00007f2715e39060
Event: 0.916 Thread 0x00007f2710016000 DEOPT UNPACKING pc=0x00007f26f89287a5 sp=0x00007f2715e39008 mode 2

Classes redefined (0 events):
No events

Internal exceptions (4 events):
Event: 0.133 Thread 0x00007f2710016000 Exception <a 'java/lang/NoSuchMethodError'{0x00000006295be198}: 'int java.lang.invoke.DirectMethodHandle$Holder.invokeSpecialIFC(java.lang.Object, java.lang.Object, int)'> (0x00000006295be198) thrown at [src/hotspot/share/interpreter/linkResolver.cpp, line 772]
Event: 0.797 Thread 0x00007f2710016000 Exception <a 'java/lang/NoClassDefFoundError'{0x000000062739cdb0}: com/google/inject/servlet/ServletModuleTargetVisitor> (0x000000062739cdb0) thrown at [src/hotspot/share/classfile/systemDictionary.cpp, line 220]
Event: 0.797 Thread 0x00007f2710016000 Exception <a 'java/lang/NoClassDefFoundError'{0x000000062739cdb0}> (0x000000062739cdb0) thrown at [src/hotspot/share/prims/jvm.cpp, line 1301]
Event: 0.797 Thread 0x00007f2710016000 Exception <a 'java/lang/NoClassDefFoundError'{0x000000062739f708}: javax/annotation/Priority> (0x000000062739f708) thrown at [src/hotspot/share/classfile/systemDictionary.cpp, line 220]

Events (20 events):
Event: 0.954 loading class org/apache/maven/repository/internal/DefaultModelCache$Key
Event: 0.954 loading class org/apache/maven/repository/internal/DefaultModelCache$Key done
Event: 0.954 loading class java/util/Formatter
Event: 0.954 loading class java/util/Formatter done
Event: 0.955 loading class java/util/Formatter$FixedString
Event: 0.955 loading class java/util/Formatter$FormatString
Event: 0.955 loading class java/util/Formatter$FormatString done
Event: 0.955 loading class java/util/Formatter$FixedString done
Event: 0.955 loading class java/util/Formatter$FormatSpecifier
Event: 0.955 loading class java/util/Formatter$FormatSpecifier done
Event: 0.955 loading class java/util/Formatter$Flags
Event: 0.955 loading class java/util/Formatter$Flags done
Event: 0.955 loading class java/util/Formatter$Conversion
Event: 0.955 loading class java/util/Formatter$Conversion done
Event: 0.955 loading class java/util/Formattable
Event: 0.955 loading class java/util/Formattable done
Event: 0.955 loading class org/eclipse/aether/util/version/GenericVersionScheme
Event: 0.955 loading class org/eclipse/aether/util/version/GenericVersionScheme done
Event: 0.956 loading class org/eclipse/aether/version/VersionConstraint
Event: 0.956 loading class org/eclipse/aether/version/VersionConstraint done


Dynamic libraries:
60a200000-629800000 rw-p 00000000 00:00 0 
629800000-800000000 ---p 00000000 00:00 0 
800000000-800240000 rw-p 00000000 00:00 0 
800240000-840000000 ---p 00000000 00:00 0 
5573906b8000-5573906b9000 r--p 00000000 08:02 53102995                   /usr/lib/jvm/java-11-openjdk/bin/java
5573906b9000-5573906ba000 r-xp 00001000 08:02 53102995                   /usr/lib/jvm/java-11-openjdk/bin/java
5573906ba000-5573906bb000 r--p 00002000 08:02 53102995                   /usr/lib/jvm/java-11-openjdk/bin/java
5573906bb000-5573906bc000 r--p 00002000 08:02 53102995                   /usr/lib/jvm/java-11-openjdk/bin/java
5573906bc000-5573906bd000 rw-p 00003000 08:02 53102995                   /usr/lib/jvm/java-11-openjdk/bin/java
55739193b000-55739195c000 rw-p 00000000 00:00 0                          [heap]
7f2657e87000-7f2658000000 rw-p 00000000 00:00 0 
7f2658000000-7f2658021000 rw-p 00000000 00:00 0 
7f2658021000-7f265c000000 ---p 00000000 00:00 0 
7f265c000000-7f265c021000 rw-p 00000000 00:00 0 
7f265c021000-7f2660000000 ---p 00000000 00:00 0 
7f2660000000-7f2660021000 rw-p 00000000 00:00 0 
7f2660021000-7f2664000000 ---p 00000000 00:00 0 
7f2664000000-7f2664021000 rw-p 00000000 00:00 0 
7f2664021000-7f2668000000 ---p 00000000 00:00 0 
7f2668000000-7f2668021000 rw-p 00000000 00:00 0 
7f2668021000-7f266c000000 ---p 00000000 00:00 0 
7f266c000000-7f266c021000 rw-p 00000000 00:00 0 
7f266c021000-7f2670000000 ---p 00000000 00:00 0 
7f2670000000-7f2670021000 rw-p 00000000 00:00 0 
7f2670021000-7f2674000000 ---p 00000000 00:00 0 
7f2674000000-7f2674021000 rw-p 00000000 00:00 0 
7f2674021000-7f2678000000 ---p 00000000 00:00 0 
7f2678000000-7f2678021000 rw-p 00000000 00:00 0 
7f2678021000-7f267c000000 ---p 00000000 00:00 0 
7f267c000000-7f267c021000 rw-p 00000000 00:00 0 
7f267c021000-7f2680000000 ---p 00000000 00:00 0 
7f2680000000-7f26802a1000 rw-p 00000000 00:00 0 
7f26802a1000-7f2684000000 ---p 00000000 00:00 0 
7f2684000000-7f2684021000 rw-p 00000000 00:00 0 
7f2684021000-7f2688000000 ---p 00000000 00:00 0 
7f2688000000-7f268857f000 rw-p 00000000 00:00 0 
7f268857f000-7f268c000000 ---p 00000000 00:00 0 
7f268c000000-7f268c2fe000 rw-p 00000000 00:00 0 
7f268c2fe000-7f2690000000 ---p 00000000 00:00 0 
7f2690000000-7f26900bd000 rw-p 00000000 00:00 0 
7f26900bd000-7f2694000000 ---p 00000000 00:00 0 
7f2694000000-7f2694349000 rw-p 00000000 00:00 0 
7f2694349000-7f2698000000 ---p 00000000 00:00 0 
7f2698000000-7f269847f000 rw-p 00000000 00:00 0 
7f269847f000-7f269c000000 ---p 00000000 00:00 0 
7f269c000000-7f269c09e000 rw-p 00000000 00:00 0 
7f269c09e000-7f26a0000000 ---p 00000000 00:00 0 
7f26a0000000-7f26a0021000 rw-p 00000000 00:00 0 
7f26a0021000-7f26a4000000 ---p 00000000 00:00 0 
7f26a4000000-7f26a4021000 rw-p 00000000 00:00 0 
7f26a4021000-7f26a8000000 ---p 00000000 00:00 0 
7f26a8000000-7f26a82cd000 rw-p 00000000 00:00 0 
7f26a82cd000-7f26ac000000 ---p 00000000 00:00 0 
7f26ac000000-7f26ac021000 rw-p 00000000 00:00 0 
7f26ac021000-7f26b0000000 ---p 00000000 00:00 0 
7f26b0000000-7f26b0301000 rw-p 00000000 00:00 0 
7f26b0301000-7f26b4000000 ---p 00000000 00:00 0 
7f26b4000000-7f26b4021000 rw-p 00000000 00:00 0 
7f26b4021000-7f26b8000000 ---p 00000000 00:00 0 
7f26b8000000-7f26b8021000 rw-p 00000000 00:00 0 
7f26b8021000-7f26bc000000 ---p 00000000 00:00 0 
7f26bc000000-7f26bc538000 rw-p 00000000 00:00 0 
7f26bc538000-7f26c0000000 ---p 00000000 00:00 0 
7f26c0000000-7f26c0021000 rw-p 00000000 00:00 0 
7f26c0021000-7f26c4000000 ---p 00000000 00:00 0 
7f26c4000000-7f26c4021000 rw-p 00000000 00:00 0 
7f26c4021000-7f26c8000000 ---p 00000000 00:00 0 
7f26c8000000-7f26c8021000 rw-p 00000000 00:00 0 
7f26c8021000-7f26cc000000 ---p 00000000 00:00 0 
7f26cc000000-7f26cc115000 rw-p 00000000 00:00 0 
7f26cc115000-7f26d0000000 ---p 00000000 00:00 0 
7f26d0000000-7f26d0021000 rw-p 00000000 00:00 0 
7f26d0021000-7f26d4000000 ---p 00000000 00:00 0 
7f26d4000000-7f26d4021000 rw-p 00000000 00:00 0 
7f26d4021000-7f26d8000000 ---p 00000000 00:00 0 
7f26d8067000-7f26d83a0000 rw-p 00000000 00:00 0 
7f26d83a0000-7f26d83e0000 ---p 00000000 00:00 0 
7f26d83e0000-7f26d85e0000 rw-p 00000000 00:00 0 
7f26d85e0000-7f26d87e0000 rw-p 00000000 00:00 0 
7f26d87e0000-7f26d87e1000 ---p 00000000 00:00 0 
7f26d87e1000-7f26d88e2000 rw-p 00000000 00:00 0 
7f26d88e2000-7f26d88e3000 ---p 00000000 00:00 0 
7f26d88e3000-7f26d89e4000 rw-p 00000000 00:00 0 
7f26d89e4000-7f26d89e5000 ---p 00000000 00:00 0 
7f26d89e5000-7f26d8ae6000 rw-p 00000000 00:00 0 
7f26d8ae6000-7f26d8ae7000 ---p 00000000 00:00 0 
7f26d8ae7000-7f26d8be8000 rw-p 00000000 00:00 0 
7f26d8be8000-7f26d8be9000 ---p 00000000 00:00 0 
7f26d8be9000-7f26d8cea000 rw-p 00000000 00:00 0 
7f26d8cea000-7f26d8ceb000 ---p 00000000 00:00 0 
7f26d8ceb000-7f26d8dec000 rw-p 00000000 00:00 0 
7f26d8dec000-7f26d8ded000 ---p 00000000 00:00 0 
7f26d8ded000-7f26d8eee000 rw-p 00000000 00:00 0 
7f26d8eee000-7f26d8eef000 ---p 00000000 00:00 0 
7f26d8eef000-7f26d8ff0000 rw-p 00000000 00:00 0 
7f26d8ff0000-7f26d8ff1000 ---p 00000000 00:00 0 
7f26d8ff1000-7f26d90f2000 rw-p 00000000 00:00 0 
7f26d90f2000-7f26d90f3000 ---p 00000000 00:00 0 
7f26d90f3000-7f26d91f4000 rw-p 00000000 00:00 0 
7f26d91f4000-7f26d91f5000 ---p 00000000 00:00 0 
7f26d91f5000-7f26d92f6000 rw-p 00000000 00:00 0 
7f26d92f6000-7f26d92fa000 ---p 00000000 00:00 0 
7f26d92fa000-7f26d93f7000 rw-p 00000000 00:00 0 
7f26d93f7000-7f26d93fb000 ---p 00000000 00:00 0 
7f26d93fb000-7f26d94f8000 rw-p 00000000 00:00 0 
7f26d94f8000-7f26d94fc000 ---p 00000000 00:00 0 
7f26d94fc000-7f26d97f9000 rw-p 00000000 00:00 0 
7f26d97f9000-7f26d97fd000 ---p 00000000 00:00 0 
7f26d97fd000-7f26d9afa000 rw-p 00000000 00:00 0 
7f26d9afa000-7f26d9afe000 ---p 00000000 00:00 0 
7f26d9afe000-7f26d9bfb000 rw-p 00000000 00:00 0 
7f26d9bfb000-7f26d9bff000 ---p 00000000 00:00 0 
7f26d9bff000-7f26d9cfc000 rw-p 00000000 00:00 0 
7f26d9cfc000-7f26d9cff000 r-xp 00000000 08:02 24514781                   /opt/maven/lib/jansi-native/linux64/libjansi.so
7f26d9cff000-7f26d9efe000 ---p 00003000 08:02 24514781                   /opt/maven/lib/jansi-native/linux64/libjansi.so
7f26d9efe000-7f26d9eff000 rw-p 00002000 08:02 24514781                   /opt/maven/lib/jansi-native/linux64/libjansi.so
7f26d9eff000-7f26d9f03000 ---p 00000000 00:00 0 
7f26d9f03000-7f26dc000000 rw-p 00000000 00:00 0 
7f26dc000000-7f26dc021000 rw-p 00000000 00:00 0 
7f26dc021000-7f26e0000000 ---p 00000000 00:00 0 
7f26e00c3000-7f26e00c7000 ---p 00000000 00:00 0 
7f26e00c7000-7f26e01c4000 rw-p 00000000 00:00 0 
7f26e01c4000-7f26e01c5000 ---p 00000000 00:00 0 
7f26e01c5000-7f26e02c6000 rw-p 00000000 00:00 0 
7f26e02c6000-7f26e02ca000 ---p 00000000 00:00 0 
7f26e02ca000-7f26e03c7000 rw-p 00000000 00:00 0 
7f26e03c7000-7f26e03cb000 ---p 00000000 00:00 0 
7f26e03cb000-7f26e04c8000 rw-p 00000000 00:00 0 
7f26e04c8000-7f26e04cc000 ---p 00000000 00:00 0 
7f26e04cc000-7f26e05c9000 rw-p 00000000 00:00 0 
7f26e05c9000-7f26e05cd000 ---p 00000000 00:00 0 
7f26e05cd000-7f26e06ca000 rw-p 00000000 00:00 0 
7f26e06ca000-7f26e06ce000 ---p 00000000 00:00 0 
7f26e06ce000-7f26e07cb000 rw-p 00000000 00:00 0 
7f26e07cb000-7f26e07cf000 ---p 00000000 00:00 0 
7f26e07cf000-7f26e08cc000 rw-p 00000000 00:00 0 
7f26e08cc000-7f26e0c01000 r--p 00000000 08:02 52985544                   /usr/lib/locale/locale-archive
7f26e0c01000-7f26e0c05000 ---p 00000000 00:00 0 
7f26e0c05000-7f26e0d02000 rw-p 00000000 00:00 0 
7f26e0d02000-7f26e0d06000 ---p 00000000 00:00 0 
7f26e0d06000-7f26e1ddb000 rw-p 00000000 00:00 0 
7f26e1ddb000-7f26e937b000 ---p 00000000 00:00 0 
7f26e937b000-7f26e9b53000 rw-p 00000000 00:00 0 
7f26e9b53000-7f26f10f3000 ---p 00000000 00:00 0 
7f26f10f3000-7f26f11ee000 rw-p 00000000 00:00 0 
7f26f11ee000-7f26f20a2000 ---p 00000000 00:00 0 
7f26f20a2000-7f26f219d000 rw-p 00000000 00:00 0 
7f26f219d000-7f26f3051000 ---p 00000000 00:00 0 
7f26f3051000-7f26f314c000 rw-p 00000000 00:00 0 
7f26f314c000-7f26f4000000 ---p 00000000 00:00 0 
7f26f4000000-7f26f4021000 rw-p 00000000 00:00 0 
7f26f4021000-7f26f8000000 ---p 00000000 00:00 0 
7f26f8089000-7f26f80ba000 rw-p 00000000 00:00 0 
7f26f80ba000-7f26f80be000 r--p 00000000 08:02 53104876                   /usr/lib/jvm/java-11-openjdk/lib/libnet.so
7f26f80be000-7f26f80cd000 r-xp 00004000 08:02 53104876                   /usr/lib/jvm/java-11-openjdk/lib/libnet.so
7f26f80cd000-7f26f80d1000 r--p 00013000 08:02 53104876                   /usr/lib/jvm/java-11-openjdk/lib/libnet.so
7f26f80d1000-7f26f80d2000 r--p 00016000 08:02 53104876                   /usr/lib/jvm/java-11-openjdk/lib/libnet.so
7f26f80d2000-7f26f80d3000 rw-p 00017000 08:02 53104876                   /usr/lib/jvm/java-11-openjdk/lib/libnet.so
7f26f80d3000-7f26f80d4000 ---p 00000000 00:00 0 
7f26f80d4000-7f26f82fa000 rw-p 00000000 00:00 0 
7f26f82fa000-7f26f82fb000 ---p 00000000 00:00 0 
7f26f82fb000-7f26f83fc000 rw-p 00000000 00:00 0 
7f26f83fc000-7f26f83fd000 ---p 00000000 00:00 0 
7f26f83fd000-7f26f8902000 rw-p 00000000 00:00 0 
7f26f8902000-7f26f8bc2000 rwxp 00000000 00:00 0 
7f26f8bc2000-7f26f9041000 ---p 00000000 00:00 0 
7f26f9041000-7f26f9501000 rwxp 00000000 00:00 0 
7f26f9501000-7f27004a1000 ---p 00000000 00:00 0 
7f27004a1000-7f2700711000 rwxp 00000000 00:00 0 
7f2700711000-7f2707902000 ---p 00000000 00:00 0 
7f2707902000-7f2710000000 r--s 00000000 08:02 53105945                   /usr/lib/jvm/java-11-openjdk/lib/modules
7f2710000000-7f2710b41000 rw-p 00000000 00:00 0 
7f2710b41000-7f2714000000 ---p 00000000 00:00 0 
7f2714003000-7f271492d000 rw-p 00000000 00:00 0 
7f271492d000-7f271492e000 ---p 00000000 00:00 0 
7f271492e000-7f2714a2f000 rw-p 00000000 00:00 0 
7f2714a2f000-7f2714a30000 ---p 00000000 00:00 0 
7f2714a30000-7f27159fe000 rw-p 00000000 00:00 0 
7f27159fe000-7f27159ff000 ---p 00000000 00:00 0 
7f27159ff000-7f2715b05000 rw-p 00000000 00:00 0 
7f2715b05000-7f2715be9000 ---p 00000000 00:00 0 
7f2715be9000-7f2715bf3000 rw-p 00000000 00:00 0 
7f2715bf3000-7f2715cd2000 ---p 00000000 00:00 0 
7f2715cd2000-7f2715cd5000 r--p 00000000 08:02 52956591                   /usr/lib/libnss_files-2.32.so
7f2715cd5000-7f2715cdc000 r-xp 00003000 08:02 52956591                   /usr/lib/libnss_files-2.32.so
7f2715cdc000-7f2715cde000 r--p 0000a000 08:02 52956591                   /usr/lib/libnss_files-2.32.so
7f2715cde000-7f2715cdf000 r--p 0000b000 08:02 52956591                   /usr/lib/libnss_files-2.32.so
7f2715cdf000-7f2715ce0000 rw-p 0000c000 08:02 52956591                   /usr/lib/libnss_files-2.32.so
7f2715ce0000-7f2715ce6000 rw-p 00000000 00:00 0 
7f2715cec000-7f2715ced000 r--p 00000000 08:02 52956617                   /usr/lib/libutil-2.32.so
7f2715ced000-7f2715cee000 r-xp 00001000 08:02 52956617                   /usr/lib/libutil-2.32.so
7f2715cee000-7f2715cef000 r--p 00002000 08:02 52956617                   /usr/lib/libutil-2.32.so
7f2715cef000-7f2715cf0000 r--p 00002000 08:02 52956617                   /usr/lib/libutil-2.32.so
7f2715cf0000-7f2715cf1000 rw-p 00003000 08:02 52956617                   /usr/lib/libutil-2.32.so
7f2715cf1000-7f2715cf8000 r--p 00000000 08:02 53104878                   /usr/lib/jvm/java-11-openjdk/lib/libnio.so
7f2715cf8000-7f2715cff000 r-xp 00007000 08:02 53104878                   /usr/lib/jvm/java-11-openjdk/lib/libnio.so
7f2715cff000-7f2715d02000 r--p 0000e000 08:02 53104878                   /usr/lib/jvm/java-11-openjdk/lib/libnio.so
7f2715d02000-7f2715d03000 r--p 00010000 08:02 53104878                   /usr/lib/jvm/java-11-openjdk/lib/libnio.so
7f2715d03000-7f2715d04000 rw-p 00011000 08:02 53104878                   /usr/lib/jvm/java-11-openjdk/lib/libnio.so
7f2715d04000-7f2715d0a000 rw-p 00000000 00:00 0 
7f2715d0a000-7f2715d13000 ---p 00000000 00:00 0 
7f2715d13000-7f2715d15000 r--p 00000000 08:02 53105925                   /usr/lib/jvm/java-11-openjdk/lib/libzip.so
7f2715d15000-7f2715d19000 r-xp 00002000 08:02 53105925                   /usr/lib/jvm/java-11-openjdk/lib/libzip.so
7f2715d19000-7f2715d1b000 r--p 00006000 08:02 53105925                   /usr/lib/jvm/java-11-openjdk/lib/libzip.so
7f2715d1b000-7f2715d1c000 r--p 00007000 08:02 53105925                   /usr/lib/jvm/java-11-openjdk/lib/libzip.so
7f2715d1c000-7f2715d1d000 rw-p 00008000 08:02 53105925                   /usr/lib/jvm/java-11-openjdk/lib/libzip.so
7f2715d1d000-7f2715d25000 rw-s 00000000 00:2d 170                        /tmp/hsperfdata_porus/8829
7f2715d25000-7f2715d26000 ---p 00000000 00:00 0 
7f2715d26000-7f2715d27000 r--p 00000000 00:00 0 
7f2715d27000-7f2715d29000 r--p 00000000 08:02 53104862                   /usr/lib/jvm/java-11-openjdk/lib/libjimage.so
7f2715d29000-7f2715d2c000 r-xp 00002000 08:02 53104862                   /usr/lib/jvm/java-11-openjdk/lib/libjimage.so
7f2715d2c000-7f2715d2d000 r--p 00005000 08:02 53104862                   /usr/lib/jvm/java-11-openjdk/lib/libjimage.so
7f2715d2d000-7f2715d2e000 ---p 00006000 08:02 53104862                   /usr/lib/jvm/java-11-openjdk/lib/libjimage.so
7f2715d2e000-7f2715d2f000 r--p 00006000 08:02 53104862                   /usr/lib/jvm/java-11-openjdk/lib/libjimage.so
7f2715d2f000-7f2715d30000 rw-p 00007000 08:02 53104862                   /usr/lib/jvm/java-11-openjdk/lib/libjimage.so
7f2715d30000-7f2715d33000 r--p 00000000 08:02 52956610                   /usr/lib/librt-2.32.so
7f2715d33000-7f2715d37000 r-xp 00003000 08:02 52956610                   /usr/lib/librt-2.32.so
7f2715d37000-7f2715d39000 r--p 00007000 08:02 52956610                   /usr/lib/librt-2.32.so
7f2715d39000-7f2715d3a000 r--p 00008000 08:02 52956610                   /usr/lib/librt-2.32.so
7f2715d3a000-7f2715d3b000 rw-p 00009000 08:02 52956610                   /usr/lib/librt-2.32.so
7f2715d3b000-7f2715d3f000 ---p 00000000 00:00 0 
7f2715d3f000-7f2715e3c000 rw-p 00000000 00:00 0 
7f2715e3c000-7f2715e3f000 r--p 00000000 08:02 52957311                   /usr/lib/libgcc_s.so.1
7f2715e3f000-7f2715e50000 r-xp 00003000 08:02 52957311                   /usr/lib/libgcc_s.so.1
7f2715e50000-7f2715e54000 r--p 00014000 08:02 52957311                   /usr/lib/libgcc_s.so.1
7f2715e54000-7f2715e55000 r--p 00017000 08:02 52957311                   /usr/lib/libgcc_s.so.1
7f2715e55000-7f2715e56000 rw-p 00018000 08:02 52957311                   /usr/lib/libgcc_s.so.1
7f2715e56000-7f2715e65000 r--p 00000000 08:02 52956546                   /usr/lib/libm-2.32.so
7f2715e65000-7f2715f01000 r-xp 0000f000 08:02 52956546                   /usr/lib/libm-2.32.so
7f2715f01000-7f2715f9a000 r--p 000ab000 08:02 52956546                   /usr/lib/libm-2.32.so
7f2715f9a000-7f2715f9b000 r--p 00143000 08:02 52956546                   /usr/lib/libm-2.32.so
7f2715f9b000-7f2715f9c000 rw-p 00144000 08:02 52956546                   /usr/lib/libm-2.32.so
7f2715f9c000-7f2716032000 r--p 00000000 08:02 52980561                   /usr/lib/libstdc++.so.6.0.28
7f2716032000-7f271611e000 r-xp 00096000 08:02 52980561                   /usr/lib/libstdc++.so.6.0.28
7f271611e000-7f2716167000 r--p 00182000 08:02 52980561                   /usr/lib/libstdc++.so.6.0.28
7f2716167000-7f2716168000 ---p 001cb000 08:02 52980561                   /usr/lib/libstdc++.so.6.0.28
7f2716168000-7f2716175000 r--p 001cb000 08:02 52980561                   /usr/lib/libstdc++.so.6.0.28
7f2716175000-7f2716176000 rw-p 001d8000 08:02 52980561                   /usr/lib/libstdc++.so.6.0.28
7f2716176000-7f2716179000 rw-p 00000000 00:00 0 
7f2716179000-7f27163e8000 r--p 00000000 08:02 53105957                   /usr/lib/jvm/java-11-openjdk/lib/server/libjvm.so
7f27163e8000-7f2716fb0000 r-xp 0026f000 08:02 53105957                   /usr/lib/jvm/java-11-openjdk/lib/server/libjvm.so
7f2716fb0000-7f27171f0000 r--p 00e37000 08:02 53105957                   /usr/lib/jvm/java-11-openjdk/lib/server/libjvm.so
7f27171f0000-7f27171f1000 ---p 01077000 08:02 53105957                   /usr/lib/jvm/java-11-openjdk/lib/server/libjvm.so
7f27171f1000-7f27172af000 r--p 01077000 08:02 53105957                   /usr/lib/jvm/java-11-openjdk/lib/server/libjvm.so
7f27172af000-7f27172e8000 rw-p 01135000 08:02 53105957                   /usr/lib/jvm/java-11-openjdk/lib/server/libjvm.so
7f27172e8000-7f2717341000 rw-p 00000000 00:00 0 
7f2717341000-7f2717348000 r--p 00000000 08:02 52956601                   /usr/lib/libpthread-2.32.so
7f2717348000-7f2717358000 r-xp 00007000 08:02 52956601                   /usr/lib/libpthread-2.32.so
7f2717358000-7f271735d000 r--p 00017000 08:02 52956601                   /usr/lib/libpthread-2.32.so
7f271735d000-7f271735e000 r--p 0001b000 08:02 52956601                   /usr/lib/libpthread-2.32.so
7f271735e000-7f271735f000 rw-p 0001c000 08:02 52956601                   /usr/lib/libpthread-2.32.so
7f271735f000-7f2717363000 rw-p 00000000 00:00 0 
7f2717363000-7f2717364000 r--p 00000000 08:02 52956537                   /usr/lib/libdl-2.32.so
7f2717364000-7f2717366000 r-xp 00001000 08:02 52956537                   /usr/lib/libdl-2.32.so
7f2717366000-7f2717367000 r--p 00003000 08:02 52956537                   /usr/lib/libdl-2.32.so
7f2717367000-7f2717368000 r--p 00003000 08:02 52956537                   /usr/lib/libdl-2.32.so
7f2717368000-7f2717369000 rw-p 00004000 08:02 52956537                   /usr/lib/libdl-2.32.so
7f2717369000-7f271736c000 r--p 00000000 08:02 52966289                   /usr/lib/libz.so.1.2.11
7f271736c000-7f271737a000 r-xp 00003000 08:02 52966289                   /usr/lib/libz.so.1.2.11
7f271737a000-7f2717380000 r--p 00011000 08:02 52966289                   /usr/lib/libz.so.1.2.11
7f2717380000-7f2717381000 ---p 00017000 08:02 52966289                   /usr/lib/libz.so.1.2.11
7f2717381000-7f2717382000 r--p 00017000 08:02 52966289                   /usr/lib/libz.so.1.2.11
7f2717382000-7f2717383000 rw-p 00018000 08:02 52966289                   /usr/lib/libz.so.1.2.11
7f2717383000-7f27173a9000 r--p 00000000 08:02 52956520                   /usr/lib/libc-2.32.so
7f27173a9000-7f27174f6000 r-xp 00026000 08:02 52956520                   /usr/lib/libc-2.32.so
7f27174f6000-7f2717542000 r--p 00173000 08:02 52956520                   /usr/lib/libc-2.32.so
7f2717542000-7f2717545000 r--p 001be000 08:02 52956520                   /usr/lib/libc-2.32.so
7f2717545000-7f2717548000 rw-p 001c1000 08:02 52956520                   /usr/lib/libc-2.32.so
7f2717548000-7f271754c000 rw-p 00000000 00:00 0 
7f271754c000-7f271755a000 r--p 00000000 08:02 53103052                   /usr/lib/jvm/java-11-openjdk/lib/libjava.so
7f271755a000-7f271756f000 r-xp 0000e000 08:02 53103052                   /usr/lib/jvm/java-11-openjdk/lib/libjava.so
7f271756f000-7f2717576000 r--p 00023000 08:02 53103052                   /usr/lib/jvm/java-11-openjdk/lib/libjava.so
7f2717576000-7f2717577000 r--p 00029000 08:02 53103052                   /usr/lib/jvm/java-11-openjdk/lib/libjava.so
7f2717577000-7f2717578000 rw-p 0002a000 08:02 53103052                   /usr/lib/jvm/java-11-openjdk/lib/libjava.so
7f2717578000-7f2717579000 rw-p 00000000 00:00 0 
7f2717579000-7f271757e000 r--p 00000000 08:02 53104890                   /usr/lib/jvm/java-11-openjdk/lib/libverify.so
7f271757e000-7f2717585000 r-xp 00005000 08:02 53104890                   /usr/lib/jvm/java-11-openjdk/lib/libverify.so
7f2717585000-7f2717587000 r--p 0000c000 08:02 53104890                   /usr/lib/jvm/java-11-openjdk/lib/libverify.so
7f2717587000-7f2717588000 ---p 0000e000 08:02 53104890                   /usr/lib/jvm/java-11-openjdk/lib/libverify.so
7f2717588000-7f271758a000 r--p 0000e000 08:02 53104890                   /usr/lib/jvm/java-11-openjdk/lib/libverify.so
7f271758a000-7f271758b000 rw-p 00010000 08:02 53104890                   /usr/lib/jvm/java-11-openjdk/lib/libverify.so
7f271758b000-7f271758e000 r--p 00000000 08:02 53103023                   /usr/lib/jvm/java-11-openjdk/lib/jli/libjli.so
7f271758e000-7f2717598000 r-xp 00003000 08:02 53103023                   /usr/lib/jvm/java-11-openjdk/lib/jli/libjli.so
7f2717598000-7f271759b000 r--p 0000d000 08:02 53103023                   /usr/lib/jvm/java-11-openjdk/lib/jli/libjli.so
7f271759b000-7f271759c000 ---p 00010000 08:02 53103023                   /usr/lib/jvm/java-11-openjdk/lib/jli/libjli.so
7f271759c000-7f271759d000 r--p 00010000 08:02 53103023                   /usr/lib/jvm/java-11-openjdk/lib/jli/libjli.so
7f271759d000-7f271759e000 rw-p 00011000 08:02 53103023                   /usr/lib/jvm/java-11-openjdk/lib/jli/libjli.so
7f271759e000-7f27175a0000 rw-p 00000000 00:00 0 
7f27175a0000-7f27175a2000 r--p 00000000 08:02 52956500                   /usr/lib/ld-2.32.so
7f27175a2000-7f27175c3000 r-xp 00002000 08:02 52956500                   /usr/lib/ld-2.32.so
7f27175c3000-7f27175cc000 r--p 00023000 08:02 52956500                   /usr/lib/ld-2.32.so
7f27175cc000-7f27175cd000 r--p 0002b000 08:02 52956500                   /usr/lib/ld-2.32.so
7f27175cd000-7f27175cf000 rw-p 0002c000 08:02 52956500                   /usr/lib/ld-2.32.so
7ffe694ab000-7ffe694cc000 rw-p 00000000 00:00 0                          [stack]
7ffe6957c000-7ffe69580000 r--p 00000000 00:00 0                          [vvar]
7ffe69580000-7ffe69582000 r-xp 00000000 00:00 0                          [vdso]
ffffffffff600000-ffffffffff601000 --xp 00000000 00:00 0                  [vsyscall]


VM Arguments:
jvm_args: -Dclassworlds.conf=/opt/maven/bin/m2.conf -Dmaven.home=/opt/maven -Dlibrary.jansi.path=/opt/maven/lib/jansi-native -Dmaven.multiModuleProjectDirectory=/home/porus/Coding/TestMaven/simpleBrowser 
java_command: org.codehaus.plexus.classworlds.launcher.Launcher install
java_class_path (initial): /opt/maven/boot/plexus-classworlds-2.6.0.jar
Launcher Type: SUN_STANDARD

[Global flags]
     intx CICompilerCount                          = 12                                        {product} {ergonomic}
     uint ConcGCThreads                            = 3                                         {product} {ergonomic}
     uint G1ConcRefinementThreads                  = 13                                        {product} {ergonomic}
   size_t G1HeapRegionSize                         = 2097152                                   {product} {ergonomic}
    uintx GCDrainStackTargetSize                   = 64                                        {product} {ergonomic}
   size_t InitialHeapSize                          = 526385152                                 {product} {ergonomic}
   size_t MarkStackSize                            = 4194304                                   {product} {ergonomic}
   size_t MaxHeapSize                              = 8420065280                                {product} {ergonomic}
   size_t MaxNewSize                               = 5052039168                                {product} {ergonomic}
   size_t MinHeapDeltaBytes                        = 2097152                                   {product} {ergonomic}
    uintx NonNMethodCodeHeapSize                   = 7594288                                {pd product} {ergonomic}
    uintx NonProfiledCodeHeapSize                  = 122031976                              {pd product} {ergonomic}
    uintx ProfiledCodeHeapSize                     = 122031976                              {pd product} {ergonomic}
    uintx ReservedCodeCacheSize                    = 251658240                              {pd product} {ergonomic}
     bool SegmentedCodeCache                       = true                                      {product} {ergonomic}
     bool UseCompressedClassPointers               = true                                 {lp64_product} {ergonomic}
     bool UseCompressedOops                        = true                                 {lp64_product} {ergonomic}
     bool UseG1GC                                  = true                                      {product} {ergonomic}

Logging:
Log output configuration:
 #0: stdout all=warning uptime,level,tags
 #1: stderr all=off uptime,level,tags

Environment Variables:
JAVA_HOME=/usr/lib/jvm/java-11-openjdk/
PATH=/usr/local/bin:/usr/bin:/bin:/usr/local/sbin:/var/lib/flatpak/exports/bin:/usr/lib/jvm/default/bin:/usr/bin/site_perl:/usr/bin/vendor_perl:/usr/bin/core_perl:/home/porus/Flutter/flutter/bin:/home/porus/Android/Sdk/emulator:/home/porus/Android/Sdk/tools:/home/porus/Android/Sdk/tools/bin:/home/porus/Android/Sdk/platform-tools:/usr/lib/jvm/java-11-openjdk//bin:/home/porus/.local/bin/:/home/porus/.vim/plugged/vim-live-latex-preview/bin/
SHELL=/bin/bash
DISPLAY=:0
LANG=en_US.UTF-8

Signal Handlers:
SIGSEGV: [libjvm.so+0xdc39e0], sa_mask[0]=11111111011111111101111111111110, sa_flags=SA_RESTART|SA_SIGINFO
SIGBUS: [libjvm.so+0xdc39e0], sa_mask[0]=11111111011111111101111111111110, sa_flags=SA_RESTART|SA_SIGINFO
SIGFPE: [libjvm.so+0xdc39e0], sa_mask[0]=11111111011111111101111111111110, sa_flags=SA_RESTART|SA_SIGINFO
SIGPIPE: [libjvm.so+0xbb9960], sa_mask[0]=11111111011111111101111111111110, sa_flags=SA_RESTART|SA_SIGINFO
SIGXFSZ: [libjvm.so+0xbb9960], sa_mask[0]=11111111011111111101111111111110, sa_flags=SA_RESTART|SA_SIGINFO
SIGILL: [libjvm.so+0xdc39e0], sa_mask[0]=11111111011111111101111111111110, sa_flags=SA_RESTART|SA_SIGINFO
SIGUSR2: [libjvm.so+0xbb97f0], sa_mask[0]=00000000000000000000000000000000, sa_flags=SA_RESTART|SA_SIGINFO
SIGHUP: [libjvm.so+0xbb9dd0], sa_mask[0]=11111111011111111101111111111110, sa_flags=SA_RESTART|SA_SIGINFO
SIGINT: [libjvm.so+0xbb9dd0], sa_mask[0]=11111111011111111101111111111110, sa_flags=SA_RESTART|SA_SIGINFO
SIGTERM: [libjvm.so+0xbb9dd0], sa_mask[0]=11111111011111111101111111111110, sa_flags=SA_RESTART|SA_SIGINFO
SIGQUIT: [libjvm.so+0xbb9dd0], sa_mask[0]=11111111011111111101111111111110, sa_flags=SA_RESTART|SA_SIGINFO


---------------  S Y S T E M  ---------------

OS:LSB_VERSION=1.4
DISTRIB_ID=Arch
DISTRIB_RELEASE=rolling
DISTRIB_DESCRIPTION="Arch Linux"
uname:Linux 5.10.4-arch2-1 #1 SMP PREEMPT Fri, 01 Jan 2021 05:29:53 +0000 x86_64
OS uptime: 0 days 1:34 hours
libc:glibc 2.32 NPTL 2.32 
rlimit (soft/hard): STACK 8192k/infinity , CORE infinity/infinity , NPROC 128164/128164 , NOFILE 524288/524288 , AS infinity/infinity , CPU infinity/infinity , DATA infinity/infinity , FSIZE infinity/infinity , MEMLOCK 64k/64k
load average:0.49 0.84 1.02

/proc/meminfo:
MemTotal:       32890712 kB
MemFree:        21866448 kB
MemAvailable:   25833192 kB
Buffers:         1381424 kB
Cached:          4631132 kB
SwapCached:            0 kB
Active:          3970188 kB
Inactive:        5864628 kB
Active(anon):    1848596 kB
Inactive(anon):  4312716 kB
Active(file):    2121592 kB
Inactive(file):  1551912 kB
Unevictable:          96 kB
Mlocked:              96 kB
SwapTotal:             0 kB
SwapFree:              0 kB
Dirty:               780 kB
Writeback:             0 kB
AnonPages:       3822736 kB
Mapped:          1159872 kB
Shmem:           2347396 kB
KReclaimable:     757268 kB
Slab:             882176 kB
SReclaimable:     757268 kB
SUnreclaim:       124908 kB
KernelStack:       14320 kB
PageTables:        35432 kB
NFS_Unstable:          0 kB
Bounce:                0 kB
WritebackTmp:          0 kB
CommitLimit:    16445356 kB
Committed_AS:   13487036 kB
VmallocTotal:   34359738367 kB
VmallocUsed:       59604 kB
VmallocChunk:          0 kB
Percpu:            18304 kB
HardwareCorrupted:     0 kB
AnonHugePages:         0 kB
ShmemHugePages:        0 kB
ShmemPmdMapped:        0 kB
FileHugePages:         0 kB
FilePmdMapped:         0 kB
CmaTotal:              0 kB
CmaFree:               0 kB
HugePages_Total:       0
HugePages_Free:        0
HugePages_Rsvd:        0
HugePages_Surp:        0
Hugepagesize:       2048 kB
Hugetlb:               0 kB
DirectMap4k:     1031724 kB
DirectMap2M:    10452992 kB
DirectMap1G:    23068672 kB

/sys/kernel/mm/transparent_hugepage/enabled:
always [madvise] never

/sys/kernel/mm/transparent_hugepage/defrag (defrag/compaction efforts parameter):
always defer defer+madvise [madvise] never


/proc/sys/kernel/threads-max (system-wide limit on the number of threads):
256329


/proc/sys/vm/max_map_count (maximum number of memory map areas a process may have):
65530


/proc/sys/kernel/pid_max (system-wide limit on number of process identifiers):
4194304



container (cgroup) information:
container_type: cgroupv1
cpu_cpuset_cpus: 0-15
cpu_memory_nodes: 0
active_processor_count: 16
cpu_quota: -1
cpu_period: 100000
cpu_shares: -1
memory_limit_in_bytes: -1
memory_and_swap_limit_in_bytes: -1
memory_soft_limit_in_bytes: -1
memory_usage_in_bytes: 7360430080
memory_max_usage_in_bytes: 7362621440

Steal ticks since vm start: 0
Steal ticks percentage since vm start:  0.000

CPU:total 16 (initial active 16) (16 cores per cpu, 2 threads per core) family 23 model 1 stepping 1, cmov, cx8, fxsr, mmx, sse, sse2, sse3, ssse3, sse4.1, sse4.2, popcnt, avx, avx2, aes, clmul, mmxext, 3dnowpref, lzcnt, sse4a, ht, tsc, tscinvbit, tscinv, bmi1, bmi2, adx, sha, fma
CPU Model and flags from /proc/cpuinfo:
model name	: AMD Ryzen 7 1800X Eight-Core Processor
flags		: fpu vme de pse tsc msr pae mce cx8 apic sep mtrr pge mca cmov pat pse36 clflush mmx fxsr sse sse2 ht syscall nx mmxext fxsr_opt pdpe1gb rdtscp lm constant_tsc rep_good nopl nonstop_tsc cpuid extd_apicid aperfmperf pni pclmulqdq monitor ssse3 fma cx16 sse4_1 sse4_2 movbe popcnt aes xsave avx f16c rdrand lahf_lm cmp_legacy svm extapic cr8_legacy abm sse4a misalignsse 3dnowprefetch osvw skinit wdt tce topoext perfctr_core perfctr_nb bpext perfctr_llc mwaitx cpb hw_pstate sme ssbd sev ibpb vmmcall fsgsbase bmi1 avx2 smep bmi2 rdseed adx smap clflushopt sha_ni xsaveopt xsavec xgetbv1 xsaves clzero irperf xsaveerptr arat npt lbrv svm_lock nrip_save tsc_scale vmcb_clean flushbyasid decodeassists pausefilter pfthreshold avic v_vmsave_vmload vgif overflow_recov succor smca

Memory: 4k page, physical 32890712k(21866448k free), swap 0k(0k free)

vm_info: OpenJDK 64-Bit Server VM (11.0.8+10) for linux-amd64 JRE (11.0.8+10), built on Jul 16 2020 20:35:48 by "builduser" with gcc 10.1.0

END.
